# generate-analysis-leakage 20260704-070258 (orchestrator)
## build vst-lib (in /home/milnes/projects/CSTs)
   Compiling proc-macro2 v1.0.106
   Compiling anyhow v1.0.102
   Compiling vcst-lib v0.1.0 (/home/milnes/projects/CSTs/datastructs/vcst-lib)
   Compiling quote v1.0.45
   Compiling syn v2.0.117
   Compiling serde_derive v1.0.228
   Compiling clap_derive v4.6.1
   Compiling clap v4.6.1
   Compiling serde v1.0.228
   Compiling toml_datetime v0.6.11
   Compiling serde_spanned v0.6.9
   Compiling toml_edit v0.22.27
   Compiling toml v0.8.23
   Compiling utils v0.1.0 (/home/milnes/projects/CSTs/utils)
   Compiling vast-lib v0.1.0 (/home/milnes/projects/CSTs/datastructs/vast-lib)
   Compiling cfgfilter v0.1.0 (/home/milnes/projects/CSTs/datastructs/cfgfilter)
   Compiling vst-lib v0.1.0 (/home/milnes/projects/CSTs/datastructs/vst-lib)
    Finished `release` profile [optimized] target(s) in 17.47s
## run csts-analyze-leakage -o analyses/csts-analyze-leakage-20260704-070258.orchestrator.md -d RustProjects
scan RustProjects — 1001 immediate subdirectories
[1/1001] seanmonstar__try-lock  files=1  total=0  not_unsafe_fn=0
[2/1001] marcianx__downcast-rs  files=3  total=0  not_unsafe_fn=0
[3/1001] smol-rs__parking  files=3  total=0  not_unsafe_fn=0
[5/1001] ogham__rust-number-prefix  files=3  total=0  not_unsafe_fn=0
[6/1001] KodrAus__serde_fmt  files=1  total=0  not_unsafe_fn=0
[4/1001] dbrgn__tracing-test  files=5  total=0  not_unsafe_fn=0
[7/1001] jethrogb__rust-cexpr  files=5  total=0  not_unsafe_fn=0
[8/1001] 10xGenomics__lz4-rs  files=9  total=0  not_unsafe_fn=0
[9/1001] KokaKiwi__rust-hex  files=6  total=0  not_unsafe_fn=0
[10/1001] smol-rs__piper  files=3  total=1  not_unsafe_fn=1
[11/1001] dcchut__async-recursion  files=42  total=0  not_unsafe_fn=0
[12/1001] RReverser__serde-wasm-bindgen  files=13  total=0  not_unsafe_fn=0
[13/1001] robbepop__string-interner  files=14  total=0  not_unsafe_fn=0
[14/1001] rust-netlink__netlink-packet-core  files=14  total=0  not_unsafe_fn=0
[15/1001] dtolnay__zmij  files=11  total=0  not_unsafe_fn=0
[16/1001] robertbastian__core_maths  files=1  total=0  not_unsafe_fn=0
[17/1001] oli-obk__cargo_metadata  files=27  total=0  not_unsafe_fn=0
[18/1001] marmeladema__clru-rs  files=4  total=0  not_unsafe_fn=0
[19/1001] jhpratt__deranged  files=7  total=0  not_unsafe_fn=0
[20/1001] robjtede__impl-more  files=9  total=0  not_unsafe_fn=0
[21/1001] jhpratt__num-conv  files=1  total=0  not_unsafe_fn=0
[22/1001] dcuddeback__termios-rs  files=12  total=0  not_unsafe_fn=0
[23/1001] jhpratt__num_threads  files=7  total=0  not_unsafe_fn=0
[24/1001] seanmonstar__unicase  files=4  total=0  not_unsafe_fn=0
[25/1001] oliver-giersch__tagptr  files=6  total=1  not_unsafe_fn=1
[26/1001] seanmonstar__want  files=2  total=0  not_unsafe_fn=0
[27/1001] KyleMayes__clang-sys  files=12  total=0  not_unsafe_fn=0
[28/1001] LeopoldArkham__humansize  files=16  total=0  not_unsafe_fn=0
[29/1001] 1Password__arboard  files=13  total=7  not_unsafe_fn=7
[30/1001] brendanzab__codespan  files=21  total=0  not_unsafe_fn=0
[31/1001] pseitz__lz4_flex  files=30  total=0  not_unsafe_fn=0
[32/1001] jhpratt__powerfmt  files=8  total=0  not_unsafe_fn=0
[33/1001] RReverser__serde-xml-rs  files=44  total=0  not_unsafe_fn=0
[34/1001] sgodwincs__uriparse-rs  files=13  total=0  not_unsafe_fn=0
[35/1001] smol-rs__polling  files=24  total=4  not_unsafe_fn=4
[36/1001] Ralith__lru-slab  files=1  total=0  not_unsafe_fn=0
[37/1001] smol-rs__waker-fn  files=1  total=0  not_unsafe_fn=0
[38/1001] rusticata__x509-parser  files=59  total=0  not_unsafe_fn=0
[39/1001] brendanzab__gl-rs  files=31  total=0  not_unsafe_fn=0
[40/1001] marshallpierce__rust-base64  files=27  total=0  not_unsafe_fn=0
[41/1001] snapview__tokio-tungstenite  files=16  total=0  not_unsafe_fn=0
[42/1001] jhpratt__standback  files=40  total=11  not_unsafe_fn=7
[43/1001] RazrFalcon__memmap2-rs  files=6  total=3  not_unsafe_fn=3
[44/1001] Lokathor__bytemuck  files=30  total=26  not_unsafe_fn=26
[45/1001] jmg-duarte__sealed-rs  files=30  total=0  not_unsafe_fn=0
[46/1001] RazrFalcon__pico-args  files=4  total=0  not_unsafe_fn=0
[47/1001] matklad__once_cell  files=13  total=3  not_unsafe_fn=3
[48/1001] mbrubeck__rust-debug-unreachable  files=3  total=0  not_unsafe_fn=0
[49/1001] rusticstuff__simdutf8  files=47  total=0  not_unsafe_fn=0
[50/1001] deadpool-rs__deadpool  files=72  total=7  not_unsafe_fn=7
[51/1001] debris__rustc-hex  files=2  total=0  not_unsafe_fn=0
[52/1001] rustls__hyper-rustls  files=8  total=0  not_unsafe_fn=0
[53/1001] rustls__openssl-probe  files=2  total=0  not_unsafe_fn=0
[54/1001] la10736__rstest  files=149  total=0  not_unsafe_fn=0
[55/1001] seanmonstar__warp  files=84  total=0  not_unsafe_fn=0
[56/1001] rustls__pemfile  files=5  total=0  not_unsafe_fn=0
[57/1001] lalrpop__ascii-canvas  files=5  total=0  not_unsafe_fn=0
[58/1001] sebcrozet__instant  files=4  total=0  not_unsafe_fn=0
[59/1001] deprecrated__net2-rs  files=14  total=4  not_unsafe_fn=4
[60/1001] mozilla__cbindgen  files=237  total=5  not_unsafe_fn=5
[61/1001] derekdreery__normalize-line-endings  files=1  total=0  not_unsafe_fn=0
[62/1001] RazrFalcon__roxmltree  files=12  total=0  not_unsafe_fn=0
[63/1001] serde-rs__bytes  files=9  total=1  not_unsafe_fn=1
[64/1001] snapview__tungstenite-rs  files=43  total=0  not_unsafe_fn=0
[65/1001] RazrFalcon__strict-num  files=2  total=0  not_unsafe_fn=0
[66/1001] dermesser__integer-encoding-rs  files=10  total=0  not_unsafe_fn=0
[67/1001] mcarton__rust-derivative  files=96  total=0  not_unsafe_fn=0
[68/1001] soc__directories-rs  files=6  total=0  not_unsafe_fn=0
[69/1001] mrhooray__crc-rs  files=10  total=0  not_unsafe_fn=0
[70/1001] soc__dirs-rs  files=5  total=0  not_unsafe_fn=0
[71/1001] soc__option-ext  files=2  total=0  not_unsafe_fn=0
[72/1001] shepmaster__snafu  files=123  total=0  not_unsafe_fn=0
[73/1001] softprops__atty  files=2  total=0  not_unsafe_fn=0
[74/1001] rustls__pki-types  files=11  total=0  not_unsafe_fn=0
[75/1001] softprops__hyperlocal  files=7  total=0  not_unsafe_fn=0
[76/1001] mcgoo__vcpkg-rs  files=7  total=0  not_unsafe_fn=0
[77/1001] RazrFalcon__xmlparser  files=18  total=0  not_unsafe_fn=0
[78/1001] 3Hren__msgpack-rust  files=79  total=0  not_unsafe_fn=0
[79/1001] mullvad__system-configuration-rs  files=15  total=5  not_unsafe_fn=5
[80/1001] open-i18n__rust-unic  files=251  total=0  not_unsafe_fn=0
[81/1001] multiformats__rust-multibase  files=8  total=0  not_unsafe_fn=0
[82/1001] mcountryman__simd-adler32  files=17  total=0  not_unsafe_fn=0
[83/1001] someguynamedjosh__ouroboros  files=30  total=0  not_unsafe_fn=0
[84/1001] multiformats__rust-multihash  files=25  total=0  not_unsafe_fn=0
[85/1001] Lokathor__safe_arch  files=45  total=0  not_unsafe_fn=0
[86/1001] murarth__assert_matches  files=3  total=0  not_unsafe_fn=0
[87/1001] 56quarters__cadence  files=43  total=0  not_unsafe_fn=0
[88/1001] shepmaster__twox-hash  files=19  total=0  not_unsafe_fn=0
[89/1001] shssoichiro__maybe-rayon  files=1  total=0  not_unsafe_fn=0
[90/1001] mvdnes__spin-rs  files=11  total=37  not_unsafe_fn=32
[91/1001] rustls__rcgen  files=22  total=0  not_unsafe_fn=0
[92/1001] Absolucy__nanorand-rs  files=27  total=0  not_unsafe_fn=0
[93/1001] Actyx__sync_wrapper  files=1  total=0  not_unsafe_fn=0
[94/1001] Aetf__unicode-truncate  files=4  total=0  not_unsafe_fn=0
[95/1001] Lokathor__tinyvec  files=17  total=0  not_unsafe_fn=0
[96/1001] mxinden__asynchronous-codec  files=19  total=0  not_unsafe_fn=0
[97/1001] dudykr__ddbase  files=130  total=8  not_unsafe_fn=4
[98/1001] serde-rs__json  files=39  total=0  not_unsafe_fn=0
[99/1001] myrrlyn__tap  files=5  total=0  not_unsafe_fn=0
[100/1001] myrrlyn__wyz  files=5  total=0  not_unsafe_fn=0
[101/1001] shssoichiro__sqlformat-rs  files=10  total=0  not_unsafe_fn=0
[102/1001] SeaQL__sea-query  files=229  total=0  not_unsafe_fn=0
[103/1001] dylanede__cassowary-rs  files=6  total=0  not_unsafe_fn=0
[104/1001] mystor__synstructure  files=5  total=0  not_unsafe_fn=0
[105/1001] Seeker14491__opener  files=7  total=0  not_unsafe_fn=0
[106/1001] mdsteele__rust-cfb  files=28  total=0  not_unsafe_fn=0
[107/1001] nagisa__rust_libloading  files=18  total=5  not_unsafe_fn=4
[108/1001] briansmith__ring  files=191  total=14  not_unsafe_fn=14
[109/1001] meithecatte__enumflags2  files=33  total=0  not_unsafe_fn=0
[110/1001] nagisa__rust_rdrand  files=4  total=0  not_unsafe_fn=0
[111/1001] briansmith__untrusted  files=4  total=0  not_unsafe_fn=0
[112/1001] dylni__os_str_bytes  files=32  total=1  not_unsafe_fn=1
[113/1001] metalbear-co__hyper-http-proxy  files=5  total=0  not_unsafe_fn=0
[114/1001] Alexhuszagh__minimal-lexical  files=51  total=0  not_unsafe_fn=0
[115/1001] SergioBenitez__Figment  files=30  total=0  not_unsafe_fn=0
[116/1001] briansmith__webpki  files=22  total=0  not_unsafe_fn=0
[117/1001] jni-rs__jni-rs  files=167  total=42  not_unsafe_fn=33
[118/1001] rust-netlink__netlink-packet-route  files=257  total=0  not_unsafe_fn=0
[119/1001] jni-rs__jni-sys  files=11  total=0  not_unsafe_fn=0
[120/1001] brunoczim__fslock  files=9  total=0  not_unsafe_fn=0
[121/1001] sile__libflate  files=24  total=0  not_unsafe_fn=0
[122/1001] rust-netlink__netlink-sys  files=13  total=0  not_unsafe_fn=0
[123/1001] rust-num__num  files=1  total=0  not_unsafe_fn=0
[124/1001] SergioBenitez__cookie-rs  files=15  total=0  not_unsafe_fn=0
[125/1001] slint-ui__document-features  files=2  total=0  not_unsafe_fn=0
[126/1001] SergioBenitez__proc-macro2-diagnostics  files=10  total=0  not_unsafe_fn=0
[127/1001] slog-rs__async  files=2  total=0  not_unsafe_fn=0
[128/1001] SergioBenitez__uncased  files=7  total=3  not_unsafe_fn=3
[129/1001] RoaringBitmap__roaring-rs  files=73  total=0  not_unsafe_fn=0
[130/1001] slog-rs__json  files=2  total=0  not_unsafe_fn=0
[131/1001] RumovZ__android-tzdata  files=2  total=0  not_unsafe_fn=0
[132/1001] SergioBenitez__version_check  files=4  total=0  not_unsafe_fn=0
[133/1001] ebarnard__rust-plist  files=35  total=0  not_unsafe_fn=0
[134/1001] eira-fransham__crunchy  files=2  total=0  not_unsafe_fn=0
[135/1001] SergioBenitez__yansi  files=13  total=0  not_unsafe_fn=0
[136/1001] ejmahler__strength_reduce  files=5  total=0  not_unsafe_fn=0
[137/1001] Sgeo__take_mut  files=2  total=1  not_unsafe_fn=1
[138/1001] SimonSapin__rust-std-candidates  files=12  total=0  not_unsafe_fn=0
[139/1001] slog-rs__slog  files=16  total=0  not_unsafe_fn=0
[140/1001] SimonSapin__rust-typed-arena  files=3  total=0  not_unsafe_fn=0
[141/1001] SimonSapin__rust-utf8  files=5  total=0  not_unsafe_fn=0
[142/1001] slog-rs__term  files=9  total=0  not_unsafe_fn=0
[143/1001] smithay__calloop-wayland-source  files=2  total=0  not_unsafe_fn=0
[144/1001] RustCrypto__crypto-bigint  files=211  total=1  not_unsafe_fn=1
[145/1001] bytecodealliance__regalloc2  files=37  total=0  not_unsafe_fn=0
[146/1001] Smithay__calloop  files=28  total=2  not_unsafe_fn=2
[147/1001] Soveu__tinyvec_macros  files=1  total=0  not_unsafe_fn=0
[148/1001] Lokathor__wide  files=42  total=0  not_unsafe_fn=0
[149/1001] Stebalien__slug-rs  files=2  total=0  not_unsafe_fn=0
[150/1001] Lolirofle__endian-type  files=1  total=0  not_unsafe_fn=0
[151/1001] Stebalien__str_stack  files=2  total=0  not_unsafe_fn=0
[152/1001] serde-rs__serde  files=87  total=0  not_unsafe_fn=0
[153/1001] metrics-rs__metrics  files=96  total=7  not_unsafe_fn=7
[154/1001] Stebalien__tempfile  files=14  total=4  not_unsafe_fn=4
[155/1001] serde-rs__test  files=7  total=0  not_unsafe_fn=0
[156/1001] rust-num__num-bigint  files=53  total=0  not_unsafe_fn=0
[157/1001] metrics-rs__quanta  files=15  total=0  not_unsafe_fn=0
[158/1001] RustCrypto__AEADs  files=66  total=0  not_unsafe_fn=0
[159/1001] LukasKalbertodt__litrs  files=25  total=0  not_unsafe_fn=0
[160/1001] Stebalien__term  files=8  total=0  not_unsafe_fn=0
[161/1001] mgeisler__smawk  files=11  total=0  not_unsafe_fn=0
[162/1001] Stebalien__xattr  files=8  total=0  not_unsafe_fn=0
[163/1001] RustCrypto__KDFs  files=19  total=0  not_unsafe_fn=0
[164/1001] rust-num__num-complex  files=5  total=0  not_unsafe_fn=0
[165/1001] LukeMathWalker__wiremock-rs  files=21  total=0  not_unsafe_fn=0
[166/1001] rust-num__num-derive  files=16  total=0  not_unsafe_fn=0
[167/1001] rust-num__num-integer  files=3  total=0  not_unsafe_fn=0
[168/1001] RustCrypto__MACs  files=25  total=0  not_unsafe_fn=0
[169/1001] rust-num__num-iter  files=1  total=0  not_unsafe_fn=0
[170/1001] mgeisler__textwrap  files=39  total=0  not_unsafe_fn=0
[171/1001] elastio__bon  files=198  total=0  not_unsafe_fn=0
[172/1001] elinorbgr__dlib  files=2  total=0  not_unsafe_fn=0
[173/1001] emilio__precomputed-hash  files=1  total=0  not_unsafe_fn=0
[174/1001] Lymia__enumset  files=42  total=0  not_unsafe_fn=0
[175/1001] mheffner__rust-sketches-ddsketch  files=9  total=0  not_unsafe_fn=0
[176/1001] rust-num__num-rational  files=4  total=0  not_unsafe_fn=0
[177/1001] napi-rs__napi-rs  files=214  total=125  not_unsafe_fn=103
[178/1001] michaelsproul__rust_nibble_vec  files=4  total=0  not_unsafe_fn=0
[179/1001] smithay__client-toolkit  files=65  total=0  not_unsafe_fn=0
[180/1001] michaelsproul__rust_radix_trie  files=17  total=0  not_unsafe_fn=0
[181/1001] rust-num__num-traits  files=20  total=0  not_unsafe_fn=0
[182/1001] RustCrypto__RSA  files=38  total=0  not_unsafe_fn=0
[183/1001] rodrigocfd__winsafe  files=500  total=110  not_unsafe_fn=110
[184/1001] rust-onig__rust-onig  files=26  total=1  not_unsafe_fn=1
[185/1001] servo__core-foundation-rs  files=106  total=19  not_unsafe_fn=10
[186/1001] lalrpop__lalrpop  files=161  total=0  not_unsafe_fn=0
[187/1001] lambda-fairy__if_chain  files=1  total=0  not_unsafe_fn=0
[188/1001] lambda-fairy__rust-errno  files=6  total=0  not_unsafe_fn=0
[189/1001] eminence__procfs  files=72  total=0  not_unsafe_fn=0
[190/1001] eminence__terminal-size  files=4  total=0  not_unsafe_fn=0
[191/1001] MSxDOS__ntapi  files=40  total=0  not_unsafe_fn=0
[192/1001] emk__cesu8-rs  files=2  total=0  not_unsafe_fn=0
[193/1001] Manishearth__array-init  files=1  total=1  not_unsafe_fn=1
[194/1001] Manishearth__pathdiff  files=1  total=0  not_unsafe_fn=0
[195/1001] Alexhuszagh__rust-lexical  files=281  total=0  not_unsafe_fn=0
[196/1001] Manishearth__triomphe  files=11  total=34  not_unsafe_fn=28
[197/1001] MarcusGrass__parse-range-headers  files=3  total=0  not_unsafe_fn=0
[198/1001] johannesvollmer__exrs  files=66  total=0  not_unsafe_fn=0
[199/1001] rustls__rustls  files=142  total=3  not_unsafe_fn=3
[200/1001] johannesvollmer__lebe  files=3  total=0  not_unsafe_fn=0
[201/1001] johannhof__difference.rs  files=9  total=0  not_unsafe_fn=0
[202/1001] rustls__rustls-native-certs  files=9  total=0  not_unsafe_fn=0
[203/1001] johnstonskj__rust-email_address  files=1  total=0  not_unsafe_fn=0
[204/1001] jonas-schievink__adler  files=3  total=0  not_unsafe_fn=0
[205/1001] rodrimati1992__const_format_crates  files=108  total=0  not_unsafe_fn=0
[206/1001] enarx__ciborium  files=27  total=0  not_unsafe_fn=0
[207/1001] open-telemetry__opentelemetry-rust  files=238  total=0  not_unsafe_fn=0
[208/1001] enarx__flagset  files=1  total=0  not_unsafe_fn=0
[209/1001] rustls__rustls-platform-verifier  files=13  total=3  not_unsafe_fn=3
[210/1001] esposm03__xcursor-rs  files=2  total=0  not_unsafe_fn=0
[211/1001] rustls__sct.rs  files=4  total=0  not_unsafe_fn=0
[212/1001] est31__maybe-uninit  files=4  total=2  not_unsafe_fn=1
[213/1001] orlp__foldhash  files=8  total=0  not_unsafe_fn=0
[214/1001] est31__serde-big-array  files=11  total=0  not_unsafe_fn=0
[215/1001] servo__euclid  files=22  total=0  not_unsafe_fn=0
[216/1001] servo__futf  files=2  total=0  not_unsafe_fn=0
[217/1001] rustls__tokio-rustls  files=8  total=0  not_unsafe_fn=0
[218/1001] smithay__wayland-rs  files=108  total=8  not_unsafe_fn=4
[219/1001] RustCrypto__block-ciphers  files=140  total=24  not_unsafe_fn=8
[220/1001] orlp__slotmap  files=14  total=23  not_unsafe_fn=21
[221/1001] bytecodealliance__rustix  files=329  total=6  not_unsafe_fn=6
[222/1001] Marwes__combine  files=38  total=0  not_unsafe_fn=0
[223/1001] bytecodealliance__target-lexicon  files=9  total=0  not_unsafe_fn=0
[224/1001] owo-colors__owo-colors  files=24  total=0  not_unsafe_fn=0
[225/1001] AltF02__x11-rs  files=84  total=0  not_unsafe_fn=0
[226/1001] oxidecomputer__serde_tokenstream  files=28  total=0  not_unsafe_fn=0
[227/1001] oyvindln__adler2  files=3  total=0  not_unsafe_fn=0
[228/1001] nats-io__nats.rs  files=120  total=1  not_unsafe_fn=1
[229/1001] Amanieu__atomic-rs  files=4  total=0  not_unsafe_fn=0
[230/1001] RustCrypto__block-modes  files=65  total=0  not_unsafe_fn=0
[231/1001] pacman82__atoi-rs  files=16  total=0  not_unsafe_fn=0
[232/1001] dtolnay__dtoa  files=5  total=0  not_unsafe_fn=0
[233/1001] dtolnay__dyn-clone  files=7  total=3  not_unsafe_fn=3
[234/1001] rustls__webpki  files=37  total=0  not_unsafe_fn=0
[235/1001] Matthias247__futures-intrusive  files=35  total=1  not_unsafe_fn=1
[236/1001] ron-rs__ron  files=101  total=0  not_unsafe_fn=0
[237/1001] rushmorem__publicsuffix  files=4  total=1  not_unsafe_fn=1
[238/1001] sqlparser-rs__sqlparser-rs  files=72  total=0  not_unsafe_fn=0
[239/1001] rustls__webpki-roots  files=7  total=0  not_unsafe_fn=0
[240/1001] Stranger6667__jsonschema  files=158  total=2  not_unsafe_fn=2
[241/1001] dtolnay__erased-serde  files=20  total=3  not_unsafe_fn=0
[242/1001] MattiasBuelens__wasm-streams  files=45  total=4  not_unsafe_fn=4
[243/1001] srijs__rust-crc32fast  files=9  total=0  not_unsafe_fn=0
[244/1001] stainless-steel__md5  files=2  total=0  not_unsafe_fn=0
[245/1001] Michael-F-Bryan__include_dir  files=8  total=0  not_unsafe_fn=0
[246/1001] dtolnay__indoc  files=25  total=0  not_unsafe_fn=0
[247/1001] staktrace__quoted-printable  files=1  total=0  not_unsafe_fn=0
[248/1001] dtolnay__inherent  files=10  total=0  not_unsafe_fn=0
[249/1001] jonasbb__serde_with  files=96  total=3  not_unsafe_fn=3
[250/1001] servo__html5ever  files=76  total=5  not_unsafe_fn=3
[251/1001] dtolnay__inventory  files=10  total=0  not_unsafe_fn=0
[252/1001] dtolnay__itoa  files=3  total=0  not_unsafe_fn=0
[253/1001] dtolnay__link-cplusplus  files=2  total=0  not_unsafe_fn=0
[254/1001] TeXitoi__structopt  files=88  total=0  not_unsafe_fn=0
[255/1001] dtolnay__paste  files=25  total=0  not_unsafe_fn=0
[256/1001] Amanieu__parking_lot  files=39  total=62  not_unsafe_fn=62
[257/1001] stanislav-tkach__os_info  files=32  total=0  not_unsafe_fn=0
[258/1001] Amanieu__thread_local-rs  files=3  total=1  not_unsafe_fn=1
[259/1001] near__borsh-rs  files=111  total=0  not_unsafe_fn=0
[260/1001] nearprotocol__borsh  files=0  total=0  not_unsafe_fn=0
[261/1001] nical__android_system_properties  files=2  total=0  not_unsafe_fn=0
[262/1001] dtolnay__path-to-error  files=7  total=0  not_unsafe_fn=0
[263/1001] servo__rust-cssparser  files=17  total=2  not_unsafe_fn=2
[264/1001] servo__rust-fnv  files=1  total=0  not_unsafe_fn=0
[265/1001] ModProg__derive-where  files=97  total=0  not_unsafe_fn=0
[266/1001] rust-openssl__rust-openssl  files=139  total=45  not_unsafe_fn=42
[267/1001] jonhoo__inferno  files=48  total=0  not_unsafe_fn=0
[268/1001] rust-osdev__spinning_top  files=4  total=1  not_unsafe_fn=1
[269/1001] servo__rust-smallvec  files=3  total=13  not_unsafe_fn=10
[270/1001] NervosFoundation__faster-hex  files=9  total=0  not_unsafe_fn=0
[271/1001] Nugine__outref  files=1  total=0  not_unsafe_fn=0
[272/1001] TedDriggs__darling  files=152  total=0  not_unsafe_fn=0
[273/1001] TedDriggs__ident_case  files=1  total=0  not_unsafe_fn=0
[274/1001] rust-phf__rust-phf  files=30  total=0  not_unsafe_fn=0
[275/1001] TrueLayer__reqwest-middleware  files=18  total=0  not_unsafe_fn=0
[276/1001] TrueLayer__retry-policies  files=4  total=0  not_unsafe_fn=0
[277/1001] servo__rust-url  files=19  total=0  not_unsafe_fn=0
[278/1001] servo__string-cache  files=12  total=0  not_unsafe_fn=0
[279/1001] nix-rust__nix  files=67  total=1  not_unsafe_fn=1
[280/1001] VoidStarKat__half-rs  files=14  total=3  not_unsafe_fn=3
[281/1001] Nugine__simd  files=69  total=2  not_unsafe_fn=0
[282/1001] rustsec__rustsec  files=206  total=0  not_unsafe_fn=0
[283/1001] rustwasm__console_error_panic_hook  files=2  total=0  not_unsafe_fn=0
[284/1001] bytecodealliance__wasi-rs  files=36  total=40  not_unsafe_fn=0
[285/1001] paholg__typenum  files=18  total=0  not_unsafe_fn=0
[286/1001] VoidStarKat__widestring-rs  files=18  total=5  not_unsafe_fn=4
[287/1001] palfrey__serial_test  files=15  total=0  not_unsafe_fn=0
[288/1001] Nullus157__async-compression  files=118  total=0  not_unsafe_fn=0
[289/1001] statrs-dev__statrs  files=69  total=0  not_unsafe_fn=0
[290/1001] Voultapher__self_cell  files=27  total=2  not_unsafe_fn=1
[291/1001] WanzenBug__rle-decode-helper  files=2  total=0  not_unsafe_fn=0
[292/1001] launchbadge__sqlx  files=454  total=12  not_unsafe_fn=11
[293/1001] lifthrasiir__num-cmp  files=2  total=0  not_unsafe_fn=0
[294/1001] Nullus157__bs58-rs  files=12  total=0  not_unsafe_fn=0
[295/1001] XAMPPRocky__remove_dir_all  files=8  total=0  not_unsafe_fn=0
[296/1001] OrKoN__base-x-rs  files=6  total=0  not_unsafe_fn=0
[297/1001] rustwasm__gloo  files=129  total=11  not_unsafe_fn=11
[298/1001] notify-rs__notify  files=42  total=7  not_unsafe_fn=7
[299/1001] notpeter__env-home  files=1  total=0  not_unsafe_fn=0
[300/1001] Xuanwo__backon  files=30  total=0  not_unsafe_fn=0
[301/1001] steffengy__schannel-rs  files=15  total=3  not_unsafe_fn=3
[302/1001] nox__serde_urlencoded  files=9  total=0  not_unsafe_fn=0
[303/1001] paritytech__libsecp256k1  files=19  total=0  not_unsafe_fn=0
[304/1001] paritytech__nohash-hasher  files=1  total=0  not_unsafe_fn=0
[305/1001] nrc__derive-new  files=14  total=0  not_unsafe_fn=0
[306/1001] Xudong-Huang__generator-rs  files=35  total=3  not_unsafe_fn=3
[307/1001] diesel-rs__diesel  files=827  total=12  not_unsafe_fn=9
[308/1001] rusqlite__rusqlite  files=70  total=21  not_unsafe_fn=17
[309/1001] abonander__mime_guess  files=7  total=0  not_unsafe_fn=0
[310/1001] abonander__safemem  files=1  total=0  not_unsafe_fn=0
[311/1001] nukesor__comfy-table  files=50  total=0  not_unsafe_fn=0
[312/1001] rust-analyzer__expect-test  files=3  total=0  not_unsafe_fn=0
[313/1001] ParkMyCar__compact_str  files=55  total=2  not_unsafe_fn=2
[314/1001] rust-postgres__rust-postgres  files=132  total=0  not_unsafe_fn=0
[315/1001] achanda__ipnetwork  files=8  total=0  not_unsafe_fn=0
[316/1001] nushell__nu-ansi-term  files=19  total=0  not_unsafe_fn=0
[317/1001] juhaku__utoipa  files=121  total=0  not_unsafe_fn=0
[318/1001] rust-pretty-assertions__rust-pretty-assertions  files=11  total=0  not_unsafe_fn=0
[319/1001] katharostech__cfg_aliases  files=2  total=0  not_unsafe_fn=0
[320/1001] aclysma__profiling  files=11  total=0  not_unsafe_fn=0
[321/1001] nvzqz__static-assertions-rs  files=23  total=0  not_unsafe_fn=0
[322/1001] rust-av__av1-grain  files=8  total=0  not_unsafe_fn=0
[323/1001] rust-random__getrandom  files=38  total=0  not_unsafe_fn=0
[324/1001] Peternator7__strum  files=49  total=0  not_unsafe_fn=0
[325/1001] rust-av__v_frame  files=13  total=1  not_unsafe_fn=0
[326/1001] rustyhorde__vergen  files=47  total=0  not_unsafe_fn=0
[327/1001] rutrum__convert-case  files=8  total=0  not_unsafe_fn=0
[328/1001] ruuda__thread-id  files=1  total=0  not_unsafe_fn=0
[329/1001] rwf2__multer  files=17  total=0  not_unsafe_fn=0
[330/1001] kevinmehall__rust-peg  files=65  total=0  not_unsafe_fn=0
[331/1001] linebender__kurbo  files=57  total=0  not_unsafe_fn=0
[332/1001] sagebind__castaway  files=4  total=1  not_unsafe_fn=0
[333/1001] paritytech__parity-common  files=64  total=0  not_unsafe_fn=0
[334/1001] oconnor663__blake2_simd  files=31  total=0  not_unsafe_fn=0
[335/1001] rust-random__rand  files=33  total=0  not_unsafe_fn=0
[336/1001] PyO3__rust-numpy  files=33  total=5  not_unsafe_fn=5
[337/1001] rust-random__rand_core  files=9  total=0  not_unsafe_fn=0
[338/1001] sarah-ek__aligned-vec  files=4  total=4  not_unsafe_fn=4
[339/1001] dignifiedquire__num-bigint  files=45  total=0  not_unsafe_fn=0
[340/1001] oconnor663__duct.rs  files=15  total=0  not_unsafe_fn=0
[341/1001] oconnor663__os_pipe.rs  files=6  total=0  not_unsafe_fn=0
[342/1001] sarah-ek__equator  files=3  total=0  not_unsafe_fn=0
[343/1001] oconnor663__shared_child.rs  files=5  total=0  not_unsafe_fn=0
[344/1001] actix__actix-net  files=103  total=0  not_unsafe_fn=0
[345/1001] octplane__fsevent-rust  files=6  total=0  not_unsafe_fn=0
[346/1001] ogham__rust-ansi-term  files=12  total=0  not_unsafe_fn=0
[347/1001] samscott89__serde_qs  files=27  total=0  not_unsafe_fn=0
[348/1001] ratatui__instability  files=6  total=0  not_unsafe_fn=0
[349/1001] paritytech__parity-scale-codec  files=58  total=2  not_unsafe_fn=2
[350/1001] sbstp__attohttpc  files=43  total=0  not_unsafe_fn=0
[351/1001] sdroege__bytes-num-slice-cast  files=1  total=0  not_unsafe_fn=0
[352/1001] rust-random__rand_distr  files=44  total=0  not_unsafe_fn=0
[353/1001] kkawakam__rustyline  files=40  total=0  not_unsafe_fn=0
[354/1001] seanmonstar__httparse  files=15  total=0  not_unsafe_fn=0
[355/1001] rust-bakery__nom  files=40  total=0  not_unsafe_fn=0
[356/1001] paritytech__soketto  files=13  total=0  not_unsafe_fn=0
[357/1001] seanmonstar__num_cpus  files=3  total=0  not_unsafe_fn=0
[358/1001] seanmonstar__pretty-env-logger  files=5  total=0  not_unsafe_fn=0
[359/1001] paritytech__unsigned-varint  files=11  total=0  not_unsafe_fn=0
[360/1001] kobzol__rust-delegate  files=22  total=0  not_unsafe_fn=0
[361/1001] kornelski__avif-serialize  files=5  total=0  not_unsafe_fn=0
[362/1001] rust-bitcoin__hex-conservative  files=14  total=0  not_unsafe_fn=0
[363/1001] etemesi254__zune-image  files=335  total=0  not_unsafe_fn=0
[364/1001] kornelski__cavif-rs  files=6  total=0  not_unsafe_fn=0
[365/1001] rust-random__rngs  files=44  total=1  not_unsafe_fn=1
[366/1001] eyre-rs__eyre  files=61  total=8  not_unsafe_fn=3
[367/1001] linebender__tiny-skia  files=92  total=0  not_unsafe_fn=0
[368/1001] rust-bitcoin__rust-bech32  files=28  total=0  not_unsafe_fn=0
[369/1001] fMeow__maybe-async-rs  files=17  total=0  not_unsafe_fn=0
[370/1001] lipanski__mockito  files=12  total=0  not_unsafe_fn=0
[371/1001] paupino__rust-decimal  files=64  total=0  not_unsafe_fn=0
[372/1001] liranringel__ipconfig  files=10  total=0  not_unsafe_fn=0
[373/1001] kornelski__deunicode  files=5  total=2  not_unsafe_fn=2
[374/1001] llogiq__bytecount  files=11  total=0  not_unsafe_fn=0
[375/1001] seanmonstar__reqwest  files=74  total=1  not_unsafe_fn=1
[376/1001] kornelski__imgref  files=5  total=0  not_unsafe_fn=0
[377/1001] pdf-rs__fax  files=18  total=0  not_unsafe_fn=0
[378/1001] kornelski__rust-rgb  files=34  total=0  not_unsafe_fn=0
[379/1001] sfackler__rust-fallible-iterator  files=2  total=0  not_unsafe_fn=0
[380/1001] sfackler__rust-stringprep  files=7  total=0  not_unsafe_fn=0
[381/1001] stepancheg__rust-protobuf  files=339  total=1  not_unsafe_fn=1
[382/1001] rust-rocksdb__rust-rocksdb  files=66  total=11  not_unsafe_fn=8
[383/1001] sfackler__scheduled-thread-pool  files=2  total=0  not_unsafe_fn=0
[384/1001] sfackler__shell-escape  files=1  total=0  not_unsafe_fn=0
[385/1001] rust-threadpool__rust-threadpool  files=1  total=0  not_unsafe_fn=0
[386/1001] stephaneyfx__enum-iterator  files=3  total=0  not_unsafe_fn=0
[387/1001] fancy-regex__fancy-regex  files=32  total=0  not_unsafe_fn=0
[388/1001] sfackler__streaming-iterator  files=3  total=0  not_unsafe_fn=0
[389/1001] steveklabnik__semver-parser  files=10  total=0  not_unsafe_fn=0
[390/1001] storyyeller__stable_deref_trait  files=1  total=0  not_unsafe_fn=0
[391/1001] sfackler__tokio-io-timeout  files=1  total=0  not_unsafe_fn=0
[392/1001] lo48576__iri-string  files=73  total=4  not_unsafe_fn=4
[393/1001] lu-zero__arg_enum_proc_macro  files=4  total=0  not_unsafe_fn=0
[394/1001] lu-zero__noop_proc_macro  files=3  total=0  not_unsafe_fn=0
[395/1001] petgraph__petgraph  files=132  total=1  not_unsafe_fn=1
[396/1001] lu-zero__simd_helpers  files=2  total=0  not_unsafe_fn=0
[397/1001] lucab__memfd-rs  files=7  total=0  not_unsafe_fn=0
[398/1001] kornelski__rust-security-framework  files=66  total=1  not_unsafe_fn=1
[399/1001] strawlab__iana-time-zone  files=23  total=0  not_unsafe_fn=0
[400/1001] sgodwincs__dlv-list-rs  files=2  total=0  not_unsafe_fn=0
[401/1001] kornelski__rust_urlencoding  files=4  total=0  not_unsafe_fn=0
[402/1001] lukaslueg__built  files=13  total=0  not_unsafe_fn=0
[403/1001] lunacookies__etcetera  files=10  total=0  not_unsafe_fn=0
[404/1001] pfernie__cookie_store  files=10  total=0  not_unsafe_fn=0
[405/1001] luser__strip-ansi-escapes  files=2  total=0  not_unsafe_fn=0
[406/1001] stusmall__murmur3  files=9  total=0  not_unsafe_fn=0
[407/1001] phil-opp__rust-bit-field  files=3  total=0  not_unsafe_fn=0
[408/1001] sunfishcode__io-lifetimes  files=16  total=4  not_unsafe_fn=2
[409/1001] sunfishcode__is-terminal  files=2  total=0  not_unsafe_fn=0
[410/1001] sgodwincs__ordered-multimap-rs  files=8  total=0  not_unsafe_fn=0
[411/1001] kornelski__xml-rs  files=37  total=0  not_unsafe_fn=0
[412/1001] krisprice__ipnet  files=8  total=0  not_unsafe_fn=0
[413/1001] qnighy__yasna.rs  files=14  total=0  not_unsafe_fn=0
[414/1001] ratatui__ratatui  files=240  total=0  not_unsafe_fn=0
[415/1001] RustCrypto__elliptic-curves  files=263  total=0  not_unsafe_fn=0
[416/1001] rayon-rs__either  files=5  total=0  not_unsafe_fn=0
[417/1001] fede1024__rust-rdkafka  files=57  total=8  not_unsafe_fn=8
[418/1001] actix__actix-web  files=312  total=2  not_unsafe_fn=2
[419/1001] acw__simple_asn1  files=2  total=0  not_unsafe_fn=0
[420/1001] psychon__x11rb  files=219  total=28  not_unsafe_fn=27
[421/1001] addr-rs__psl-types  files=1  total=0  not_unsafe_fn=0
[422/1001] purpleprotocol__mimalloc_rust  files=10  total=0  not_unsafe_fn=0
[423/1001] akhilles__crc-catalog  files=5  total=0  not_unsafe_fn=0
[424/1001] m4b__goblin  files=73  total=0  not_unsafe_fn=0
[425/1001] plotters-rs__plotters  files=148  total=2  not_unsafe_fn=2
[426/1001] polyfill-rs__is_terminal_polyfill  files=1  total=0  not_unsafe_fn=0
[427/1001] polyfill-rs__once_cell_polyfill  files=2  total=0  not_unsafe_fn=0
[428/1001] servo__stylo  files=332  total=83  not_unsafe_fn=73
[429/1001] m4b__scroll  files=19  total=0  not_unsafe_fn=0
[430/1001] pyfisch__cbor  files=22  total=0  not_unsafe_fn=0
[431/1001] maciejhirsz__beef  files=7  total=4  not_unsafe_fn=4
[432/1001] pyfisch__httpdate  files=5  total=0  not_unsafe_fn=0
[433/1001] servo__unicode-bidi  files=15  total=0  not_unsafe_fn=0
[434/1001] sfackler__fallible-streaming-iterator  files=1  total=0  not_unsafe_fn=0
[435/1001] sfackler__foreign-types  files=6  total=1  not_unsafe_fn=1
[436/1001] akubera__bigdecimal-rs  files=55  total=0  not_unsafe_fn=0
[437/1001] sfackler__r2d2  files=5  total=0  not_unsafe_fn=0
[438/1001] al8n__fs4  files=36  total=0  not_unsafe_fn=0
[439/1001] prometheus__client_rust  files=30  total=0  not_unsafe_fn=0
[440/1001] comex__rust-shlex  files=8  total=0  not_unsafe_fn=0
[441/1001] kube-rs__kube  files=149  total=0  not_unsafe_fn=0
[442/1001] maciejhirsz__logos  files=86  total=0  not_unsafe_fn=0
[443/1001] alacritty__vte  files=4  total=0  not_unsafe_fn=0
[444/1001] mackwic__colored  files=14  total=0  not_unsafe_fn=0
[445/1001] ferrilab__ferrilab  files=94  total=25  not_unsafe_fn=25
[446/1001] djc__hashlink  files=9  total=2  not_unsafe_fn=0
[447/1001] dtolnay__prettyplease  files=39  total=45  not_unsafe_fn=21
[448/1001] djc__hostname  files=7  total=0  not_unsafe_fn=0
[449/1001] aldanor__qoi-rust  files=19  total=1  not_unsafe_fn=1
[450/1001] djc__rustc-version-rs  files=1  total=0  not_unsafe_fn=0
[451/1001] dimforge__nalgebra  files=428  total=6  not_unsafe_fn=3
[452/1001] pyfisch__rust-language-tags  files=5  total=0  not_unsafe_fn=0
[453/1001] fflorent__nom_locate  files=5  total=0  not_unsafe_fn=0
[454/1001] djc__tokio-retry  files=3  total=0  not_unsafe_fn=0
[455/1001] dtolnay__proc-macro-hack  files=16  total=0  not_unsafe_fn=0
[456/1001] alexcrichton__bzip2-rs  files=7  total=0  not_unsafe_fn=0
[457/1001] djkoloski__rend  files=6  total=0  not_unsafe_fn=0
[458/1001] rayon-rs__rayon  files=190  total=20  not_unsafe_fn=9
[459/1001] pest-parser__pest  files=75  total=0  not_unsafe_fn=0
[460/1001] composefs__tar-rs  files=19  total=1  not_unsafe_fn=1
[461/1001] conradkleinespel__rpassword  files=13  total=0  not_unsafe_fn=0
[462/1001] conradkleinespel__rtoolbox  files=7  total=0  not_unsafe_fn=0
[463/1001] petgraph__fixedbitset  files=11  total=2  not_unsafe_fn=2
[464/1001] dimforge__simba  files=19  total=0  not_unsafe_fn=0
[465/1001] mitsuhiko__serde-plain  files=8  total=0  not_unsafe_fn=0
[466/1001] dirs-dev__dirs-sys-rs  files=2  total=0  not_unsafe_fn=0
[467/1001] mitsuhiko__sha1-smol  files=4  total=0  not_unsafe_fn=0
[468/1001] dtolnay__proc-macro2  files=17  total=1  not_unsafe_fn=1
[469/1001] console-rs__console  files=16  total=0  not_unsafe_fn=0
[470/1001] dtolnay__quote  files=8  total=0  not_unsafe_fn=0
[471/1001] quinn-rs__quinn  files=102  total=4  not_unsafe_fn=2
[472/1001] dtolnay__ref-cast  files=23  total=0  not_unsafe_fn=0
[473/1001] alexcrichton__curl-rust  files=29  total=0  not_unsafe_fn=0
[474/1001] alexcrichton__filetime  files=10  total=0  not_unsafe_fn=0
[475/1001] dtolnay__rustversion  files=24  total=0  not_unsafe_fn=0
[476/1001] qwandor__anes-rs  files=35  total=0  not_unsafe_fn=0
[477/1001] console-rs__dialoguer  files=33  total=0  not_unsafe_fn=0
[478/1001] alexcrichton__openssl-src-rs  files=4  total=0  not_unsafe_fn=0
[479/1001] alexcrichton__scoped-tls  files=1  total=0  not_unsafe_fn=0
[480/1001] fitzgen__bumpalo  files=36  total=16  not_unsafe_fn=15
[481/1001] fitzgen__id-arena  files=3  total=0  not_unsafe_fn=0
[482/1001] fitzgen__is_executable  files=2  total=0  not_unsafe_fn=0
[483/1001] dtolnay__ryu  files=20  total=0  not_unsafe_fn=0
[484/1001] dtolnay__scratch  files=2  total=0  not_unsafe_fn=0
[485/1001] mitsuhiko__similar  files=36  total=0  not_unsafe_fn=0
[486/1001] fitzgen__mach  files=39  total=0  not_unsafe_fn=0
[487/1001] dtolnay__semver  files=12  total=1  not_unsafe_fn=1
[488/1001] mitsuhiko__similar-asserts  files=13  total=0  not_unsafe_fn=0
[489/1001] fitzgen__peeking_take_while  files=1  total=0  not_unsafe_fn=0
[490/1001] alexcrichton__ssh2-rs  files=19  total=0  not_unsafe_fn=0
[491/1001] dtolnay__seq-macro  files=8  total=0  not_unsafe_fn=0
[492/1001] alexcrichton__wait-timeout  files=7  total=1  not_unsafe_fn=1
[493/1001] r-efi__r-efi  files=60  total=0  not_unsafe_fn=0
[494/1001] console-rs__indicatif  files=30  total=0  not_unsafe_fn=0
[495/1001] dtolnay__serde-ignored  files=2  total=0  not_unsafe_fn=0
[496/1001] proptest-rs__proptest  files=201  total=0  not_unsafe_fn=0
[497/1001] dtolnay__serde-repr  files=10  total=0  not_unsafe_fn=0
[498/1001] alexcrichton__xz2-rs  files=12  total=0  not_unsafe_fn=0
[499/1001] contain-rs__bit-set  files=2  total=0  not_unsafe_fn=0
[500/1001] hannobraun__inotify-rs  files=10  total=0  not_unsafe_fn=0
[501/1001] dtolnay__serde-untagged  files=9  total=2  not_unsafe_fn=0
[502/1001] hannobraun__inotify-sys  files=2  total=0  not_unsafe_fn=0
[503/1001] fizyk20__generic-array  files=23  total=30  not_unsafe_fn=20
[504/1001] fkoep__downcast-rs  files=5  total=0  not_unsafe_fn=0
[505/1001] frewsxcv__rust-chunked-transfer  files=4  total=0  not_unsafe_fn=0
[506/1001] rust-windowing__android-ndk-rs  files=30  total=8  not_unsafe_fn=7
[507/1001] alexheretic__ab-glyph  files=29  total=0  not_unsafe_fn=0
[508/1001] haraldh__rust_uds_windows  files=5  total=3  not_unsafe_fn=3
[509/1001] alexheretic__linked-hash-set  files=2  total=0  not_unsafe_fn=0
[510/1001] rust-windowing__raw-window-handle  files=16  total=2  not_unsafe_fn=2
[511/1001] alexheretic__owned-ttf-parser  files=7  total=0  not_unsafe_fn=0
[512/1001] contain-rs__bit-vec  files=19  total=0  not_unsafe_fn=0
[513/1001] ramosbugs__oauth2-rs  files=27  total=0  not_unsafe_fn=0
[514/1001] randomites__plain  files=5  total=0  not_unsafe_fn=0
[515/1001] frondeus__test-case  files=30  total=0  not_unsafe_fn=0
[516/1001] contain-rs__linked-hash-map  files=6  total=13  not_unsafe_fn=13
[517/1001] contain-rs__lru-cache  files=2  total=0  not_unsafe_fn=0
[518/1001] bytecodealliance__wasm-tools  files=429  total=7  not_unsafe_fn=5
[519/1001] contain-rs__vec-map  files=3  total=0  not_unsafe_fn=0
[520/1001] smithy-lang__smithy-rs  files=1007  total=11  not_unsafe_fn=11
[521/1001] rust-bitcoin__rust-bitcoin  files=384  total=1  not_unsafe_fn=1
[522/1001] smol-rs__async-broadcast  files=3  total=0  not_unsafe_fn=0
[523/1001] mmastrac__linktime  files=243  total=1  not_unsafe_fn=1
[524/1001] dtolnay__serde-yaml  files=29  total=3  not_unsafe_fn=2
[525/1001] smol-rs__async-channel  files=3  total=0  not_unsafe_fn=0
[526/1001] frozenlib__parse-display  files=45  total=0  not_unsafe_fn=0
[527/1001] algesten__ureq  files=42  total=0  not_unsafe_fn=0
[528/1001] smol-rs__async-executor  files=11  total=6  not_unsafe_fn=6
[529/1001] smol-rs__async-fs  files=1  total=0  not_unsafe_fn=0
[530/1001] diwic__dbus-rs  files=108  total=1  not_unsafe_fn=1
[531/1001] frozenlib__structmeta  files=50  total=0  not_unsafe_fn=0
[532/1001] RustCrypto__formats  files=379  total=0  not_unsafe_fn=0
[533/1001] djc__bb8  files=10  total=0  not_unsafe_fn=0
[534/1001] smol-rs__async-io  files=23  total=0  not_unsafe_fn=0
[535/1001] criterion-rs__criterion.rs  files=87  total=0  not_unsafe_fn=0
[536/1001] algesten__ureq-proto  files=45  total=0  not_unsafe_fn=0
[537/1001] rust-bitcoin__rust-secp256k1  files=31  total=12  not_unsafe_fn=6
[538/1001] allan2__dotenvy  files=17  total=0  not_unsafe_fn=0
[539/1001] altsysrq__rusty-fork  files=7  total=0  not_unsafe_fn=0
[540/1001] smol-rs__async-lock  files=14  total=24  not_unsafe_fn=19
[541/1001] redis-rs__redis-rs  files=118  total=0  not_unsafe_fn=0
[542/1001] reem__rust-mac  files=8  total=0  not_unsafe_fn=0
[543/1001] smol-rs__async-net  files=5  total=0  not_unsafe_fn=0
[544/1001] mmastrac__rust-ctor  files=243  total=1  not_unsafe_fn=1
[545/1001] mneumann__errno-dragonfly-rs  files=2  total=0  not_unsafe_fn=0
[546/1001] amodm__webbrowser-rs  files=18  total=0  not_unsafe_fn=0
[547/1001] raphlinus__pulldown-cmark  files=61  total=2  not_unsafe_fn=1
[548/1001] reem__rust-ordered-float  files=4  total=0  not_unsafe_fn=0
[549/1001] reem__rust-unreachable  files=1  total=0  not_unsafe_fn=0
[550/1001] smol-rs__async-process  files=9  total=0  not_unsafe_fn=0
[551/1001] reem__rust-void  files=1  total=0  not_unsafe_fn=0
[552/1001] rapidfuzz__strsim-rs  files=1  total=0  not_unsafe_fn=0
[553/1001] remram44__adler32-rs  files=2  total=0  not_unsafe_fn=0
[554/1001] dnsl48__fraction  files=55  total=1  not_unsafe_fn=1
[555/1001] smol-rs__async-signal  files=7  total=2  not_unsafe_fn=0
[556/1001] harfbuzz__ttf-parser  files=87  total=0  not_unsafe_fn=0
[557/1001] anatawa12__deflate64-rs  files=18  total=0  not_unsafe_fn=0
[558/1001] dotenv-rs__dotenv  files=21  total=0  not_unsafe_fn=0
[559/1001] harryfei__which-rs  files=9  total=0  not_unsafe_fn=0
[560/1001] andrewhickman__fs-err  files=15  total=0  not_unsafe_fn=0
[561/1001] dropbox__rust-alloc-no-stdlib  files=19  total=1  not_unsafe_fn=1
[562/1001] gilnaa__globwalk  files=4  total=0  not_unsafe_fn=0
[563/1001] havarnov__multimap  files=3  total=0  not_unsafe_fn=0
[564/1001] smol-rs__async-task  files=21  total=10  not_unsafe_fn=8
[565/1001] hawkw__matchers  files=1  total=0  not_unsafe_fn=0
[566/1001] smol-rs__atomic-waker  files=3  total=0  not_unsafe_fn=0
[567/1001] smol-rs__blocking  files=3  total=0  not_unsafe_fn=0
[568/1001] rust-cli__anstyle  files=69  total=1  not_unsafe_fn=1
[569/1001] gimli-rs__addr2line  files=13  total=0  not_unsafe_fn=0
[570/1001] crossbeam-rs__crossbeam  files=71  total=33  not_unsafe_fn=30
[571/1001] smol-rs__concurrent-queue  files=10  total=2  not_unsafe_fn=2
[572/1001] RustCrypto__hashes  files=118  total=0  not_unsafe_fn=0
[573/1001] hawkw__sharded-slab  files=20  total=1  not_unsafe_fn=1
[574/1001] smol-rs__event-listener  files=7  total=2  not_unsafe_fn=2
[575/1001] smol-rs__event-listener-strategy  files=2  total=0  not_unsafe_fn=0
[576/1001] smol-rs__fastrand  files=2  total=0  not_unsafe_fn=0
[577/1001] RustCrypto__hybrid-array  files=10  total=4  not_unsafe_fn=4
[578/1001] madsmtm__objc2  files=748  total=70  not_unsafe_fn=64
[579/1001] rust-cli__config-rs  files=57  total=0  not_unsafe_fn=0
[580/1001] gimli-rs__cpp_demangle  files=18  total=2  not_unsafe_fn=0
[581/1001] crossterm-rs__crossterm  files=68  total=0  not_unsafe_fn=0
[582/1001] smol-rs__futures-lite  files=5  total=0  not_unsafe_fn=0
[583/1001] gimli-rs__findshlibs  files=7  total=0  not_unsafe_fn=0
[584/1001] cameron1024__unarray  files=5  total=0  not_unsafe_fn=0
[585/1001] hermit-os__hermit-rs  files=62  total=1  not_unsafe_fn=1
[586/1001] crossterm-rs__crossterm-winapi  files=17  total=0  not_unsafe_fn=0
[587/1001] fussybeaver__bollard  files=93  total=4  not_unsafe_fn=4
[588/1001] rust-cli__env_logger  files=22  total=0  not_unsafe_fn=0
[589/1001] magiclen__byte-unit  files=38  total=0  not_unsafe_fn=0
[590/1001] rust-cli__termtree  files=4  total=0  not_unsafe_fn=0
[591/1001] andrewhickman__prost-reflect  files=54  total=0  not_unsafe_fn=0
[592/1001] rust-embedded-community__hash32  files=6  total=0  not_unsafe_fn=0
[593/1001] rust-embedded__critical-section  files=3  total=0  not_unsafe_fn=0
[594/1001] camino-rs__camino  files=10  total=9  not_unsafe_fn=9
[595/1001] carllerche__iovec  files=7  total=0  not_unsafe_fn=0
[596/1001] caspervonb__serde_nanos  files=4  total=0  not_unsafe_fn=0
[597/1001] gdesmott__system-deps  files=3  total=0  not_unsafe_fn=0
[598/1001] casualjim__rs-nuid  files=1  total=0  not_unsafe_fn=0
[599/1001] andylokandy__arraydeque  files=4  total=0  not_unsafe_fn=0
[600/1001] cbreeden__fxhash  files=2  total=0  not_unsafe_fn=0
[601/1001] antifuchs__nonzero_ext  files=33  total=0  not_unsafe_fn=0
[602/1001] cesarb__constant_time_eq  files=13  total=0  not_unsafe_fn=0
[603/1001] moka-rs__moka  files=76  total=4  not_unsafe_fn=4
[604/1001] cryptocorrosion__cryptocorrosion  files=21  total=0  not_unsafe_fn=0
[605/1001] RustCrypto__password-hashes  files=63  total=0  not_unsafe_fn=0
[606/1001] cuviper__autocfg  files=12  total=0  not_unsafe_fn=0
[607/1001] badboy__iso8601  files=14  total=0  not_unsafe_fn=0
[608/1001] d-e-s-o__test-log  files=10  total=0  not_unsafe_fn=0
[609/1001] rust-embedded__embedded-hal  files=56  total=0  not_unsafe_fn=0
[610/1001] baoyachi__sha256-rs  files=4  total=0  not_unsafe_fn=0
[611/1001] bbqsrc__core2  files=0  total=0  not_unsafe_fn=0
[612/1001] gendx__lzma-rs  files=39  total=0  not_unsafe_fn=0
[613/1001] rusticata__asn1-rs  files=166  total=0  not_unsafe_fn=0
[614/1001] daboross__fern  files=25  total=0  not_unsafe_fn=0
[615/1001] chanced__jsonptr  files=11  total=2  not_unsafe_fn=2
[616/1001] gentoo90__winreg-rs  files=29  total=0  not_unsafe_fn=0
[617/1001] dtolnay__syn  files=90  total=1  not_unsafe_fn=1
[618/1001] dtolnay__target-triple  files=2  total=0  not_unsafe_fn=0
[619/1001] magiclen__educe  files=132  total=0  not_unsafe_fn=0
[620/1001] magiclen__enum-ordinalize  files=18  total=0  not_unsafe_fn=0
[621/1001] bcmyers__num-format  files=45  total=0  not_unsafe_fn=0
[622/1001] rusticata__der-parser  files=33  total=0  not_unsafe_fn=0
[623/1001] rusticata__oid-registry  files=4  total=0  not_unsafe_fn=0
[624/1001] dtolnay__thiserror  files=19  total=0  not_unsafe_fn=0
[625/1001] rusticata__rusticata-macros  files=5  total=0  not_unsafe_fn=0
[626/1001] magiclen__html-escape  files=19  total=0  not_unsafe_fn=0
[627/1001] magiclen__utf8-width  files=2  total=0  not_unsafe_fn=0
[628/1001] bluejekyll__enum-as-inner  files=7  total=0  not_unsafe_fn=0
[629/1001] bluejekyll__trust-dns  files=0  total=0  not_unsafe_fn=0
[630/1001] georust__rstar  files=31  total=1  not_unsafe_fn=1
[631/1001] bluk__leb128fmt  files=2  total=0  not_unsafe_fn=0
[632/1001] getsentry__rust-debugid  files=4  total=0  not_unsafe_fn=0
[633/1001] dtolnay__trybuild  files=62  total=0  not_unsafe_fn=0
[634/1001] dtolnay__typeid  files=2  total=0  not_unsafe_fn=0
[635/1001] rust-windowing__winit  files=199  total=21  not_unsafe_fn=18
[636/1001] idanarye__rust-typed-builder  files=14  total=0  not_unsafe_fn=0
[637/1001] bincode-org__unty  files=1  total=1  not_unsafe_fn=0
[638/1001] besok__jsonpath-rust  files=33  total=0  not_unsafe_fn=0
[639/1001] idubrov__json-patch  files=8  total=0  not_unsafe_fn=0
[640/1001] bluss__arrayvec  files=12  total=3  not_unsafe_fn=1
[641/1001] bluss__maplit  files=4  total=0  not_unsafe_fn=0
[642/1001] ihrwein__backoff  files=13  total=0  not_unsafe_fn=0
[643/1001] bheisler__TinyTemplate  files=8  total=0  not_unsafe_fn=0
[644/1001] rust-embedded__heapless  files=37  total=13  not_unsafe_fn=12
[645/1001] rust-embedded__nb  files=1  total=0  not_unsafe_fn=0
[646/1001] billyrieger__bimap-rs  files=6  total=0  not_unsafe_fn=0
[647/1001] bincode-org__bincode  files=0  total=0  not_unsafe_fn=0
[648/1001] getsentry__rust-sourcemap  files=26  total=0  not_unsafe_fn=0
[649/1001] danaugrs__overload  files=7  total=0  not_unsafe_fn=0
[650/1001] dtolnay__typetag  files=23  total=0  not_unsafe_fn=0
[651/1001] bincode-org__virtue  files=21  total=0  not_unsafe_fn=0
[652/1001] danburkert__fs2-rs  files=3  total=0  not_unsafe_fn=0
[653/1001] danburkert__memmap-rs  files=4  total=0  not_unsafe_fn=0
[654/1001] bitflags__bitflags  files=17  total=0  not_unsafe_fn=0
[655/1001] dahosek__finl_unicode  files=10  total=0  not_unsafe_fn=0
[656/1001] dtolnay__unicode-ident  files=7  total=0  not_unsafe_fn=0
[657/1001] rust-fuzz__arbitrary  files=59  total=1  not_unsafe_fn=1
[658/1001] danieldg__ordered-stream  files=4  total=0  not_unsafe_fn=0
[659/1001] bluss__matrixmultiply  files=33  total=0  not_unsafe_fn=0
[660/1001] rust-fuzz__libfuzzer  files=13  total=0  not_unsafe_fn=0
[661/1001] bluss__rawpointer  files=1  total=0  not_unsafe_fn=0
[662/1001] danielhenrymantilla__macro_rules_attribute-rs  files=4  total=0  not_unsafe_fn=0
[663/1001] bluss__scopeguard  files=2  total=4  not_unsafe_fn=4
[664/1001] bodil__bitmaps  files=3  total=0  not_unsafe_fn=0
[665/1001] RustCrypto__signatures  files=109  total=0  not_unsafe_fn=0
[666/1001] danipopes__const-hex  files=18  total=1  not_unsafe_fn=0
[667/1001] RustCrypto__sponges  files=16  total=0  not_unsafe_fn=0
[668/1001] davidpdrsn__assert-json-diff  files=5  total=0  not_unsafe_fn=0
[669/1001] pyo3__pyo3  files=460  total=40  not_unsafe_fn=35
[670/1001] illicitonion__num_enum  files=56  total=0  not_unsafe_fn=0
[671/1001] daxpedda__web-time  files=27  total=0  not_unsafe_fn=0
[672/1001] image-rs__byteorder-lite  files=3  total=0  not_unsafe_fn=0
[673/1001] image-rs__color_quant  files=3  total=0  not_unsafe_fn=0
[674/1001] RustCrypto__stream-ciphers  files=33  total=0  not_unsafe_fn=0
[675/1001] chronotope__chrono  files=45  total=0  not_unsafe_fn=0
[676/1001] dtolnay__unsafe-libyaml  files=25  total=0  not_unsafe_fn=0
[677/1001] rust-itertools__itertools  files=53  total=0  not_unsafe_fn=0
[678/1001] rust-lang-nursery__error-chain  files=15  total=0  not_unsafe_fn=0
[679/1001] image-rs__deflate-rs  files=25  total=0  not_unsafe_fn=0
[680/1001] gimli-rs__gimli  files=67  total=1  not_unsafe_fn=1
[681/1001] gimli-rs__leb128  files=4  total=0  not_unsafe_fn=0
[682/1001] apache__thrift  files=39  total=0  not_unsafe_fn=0
[683/1001] rust-lang-nursery__failure  files=29  total=3  not_unsafe_fn=3
[684/1001] rust-lang-nursery__lazy-static.rs  files=4  total=0  not_unsafe_fn=0
[685/1001] rust-lang-nursery__pin-utils  files=3  total=0  not_unsafe_fn=0
[686/1001] arcnmx__serde-value  files=3  total=0  not_unsafe_fn=0
[687/1001] ardaku__wasite  files=3  total=0  not_unsafe_fn=0
[688/1001] bodil__im-rs  files=39  total=0  not_unsafe_fn=0
[689/1001] image-rs__fdeflate  files=26  total=0  not_unsafe_fn=0
[690/1001] ardaku__whoami  files=23  total=0  not_unsafe_fn=0
[691/1001] asomers__mockall  files=188  total=0  not_unsafe_fn=0
[692/1001] getsentry__sentry-rust  files=131  total=0  not_unsafe_fn=0
[693/1001] RustCrypto__traits  files=69  total=0  not_unsafe_fn=0
[694/1001] assert-rs__assert_cmd  files=15  total=0  not_unsafe_fn=0
[695/1001] bodil__sized-chunks  files=21  total=0  not_unsafe_fn=0
[696/1001] assert-rs__predicates-rs  files=30  total=0  not_unsafe_fn=0
[697/1001] RustCrypto__universal-hashes  files=29  total=4  not_unsafe_fn=4
[698/1001] rust-lang__annotate-snippets-rs  files=56  total=0  not_unsafe_fn=0
[699/1001] dalek-cryptography__curve25519-dalek  files=80  total=0  not_unsafe_fn=0
[700/1001] dalek-cryptography__subtle  files=7  total=0  not_unsafe_fn=0
[701/1001] bodil__smartstring  files=17  total=3  not_unsafe_fn=3
[702/1001] mikedilger__float-cmp  files=7  total=0  not_unsafe_fn=0
[703/1001] rust-lang__ar_archive_writer  files=13  total=1  not_unsafe_fn=1
[704/1001] boinkor-net__governor  files=37  total=0  not_unsafe_fn=0
[705/1001] bojand__infer  files=25  total=0  not_unsafe_fn=0
[706/1001] borntyping__rust-simple_logger  files=15  total=0  not_unsafe_fn=0
[707/1001] RustCrypto__utils  files=63  total=3  not_unsafe_fn=3
[708/1001] SSheldon__malloc_buf  files=1  total=0  not_unsafe_fn=0
[709/1001] SSheldon__rust-block  files=5  total=1  not_unsafe_fn=1
[710/1001] SSheldon__rust-dispatch  files=8  total=0  not_unsafe_fn=0
[711/1001] rust-lang__backtrace-rs  files=62  total=0  not_unsafe_fn=0
[712/1001] brendanzab__approx  files=18  total=0  not_unsafe_fn=0
[713/1001] SSheldon__rust-objc  files=23  total=2  not_unsafe_fn=2
[714/1001] wasmcloud__nkeys  files=5  total=0  not_unsafe_fn=0
[715/1001] tokio-rs__tokio-metrics  files=14  total=0  not_unsafe_fn=0
[716/1001] tokio-rs__tokio-openssl  files=3  total=0  not_unsafe_fn=0
[717/1001] webdesus__fs_extra  files=7  total=0  not_unsafe_fn=0
[718/1001] image-rs__image  files=116  total=5  not_unsafe_fn=5
[719/1001] whatisinternet__inflector  files=25  total=0  not_unsafe_fn=0
[720/1001] getsentry__symbolic  files=120  total=5  not_unsafe_fn=4
[721/1001] image-rs__image-gif  files=25  total=7  not_unsafe_fn=3
[722/1001] arkworks-rs__algebra  files=530  total=0  not_unsafe_fn=0
[723/1001] retep998__winapi-rs  files=420  total=0  not_unsafe_fn=0
[724/1001] gimli-rs__object  files=140  total=0  not_unsafe_fn=0
[725/1001] arkworks-rs__std  files=8  total=0  not_unsafe_fn=0
[726/1001] gnzlbg__match_cfg  files=1  total=0  not_unsafe_fn=0
[727/1001] rhysd__path-slash  files=4  total=0  not_unsafe_fn=0
[728/1001] as1100k__pastey  files=43  total=0  not_unsafe_fn=0
[729/1001] image-rs__image-png  files=36  total=1  not_unsafe_fn=1
[730/1001] ridiculousfish__regress  files=42  total=0  not_unsafe_fn=0
[731/1001] zakarumych__allocator-api2  files=16  total=33  not_unsafe_fn=27
[732/1001] zeenix__endi  files=3  total=0  not_unsafe_fn=0
[733/1001] rkyv__bytecheck  files=6  total=1  not_unsafe_fn=1
[734/1001] rkyv__ptr_meta  files=4  total=0  not_unsafe_fn=0
[735/1001] dropbox__rust-brotli  files=70  total=2  not_unsafe_fn=2
[736/1001] hickory-dns__hickory-dns  files=357  total=0  not_unsafe_fn=0
[737/1001] hickory-dns__resolv-conf  files=4  total=0  not_unsafe_fn=0
[738/1001] hjr3__hyper-timeout  files=4  total=0  not_unsafe_fn=0
[739/1001] zesterer__flume  files=28  total=0  not_unsafe_fn=0
[740/1001] winnow-rs__winnow  files=101  total=0  not_unsafe_fn=0
[741/1001] tokio-rs__tracing  files=149  total=9  not_unsafe_fn=9
[742/1001] withoutboats__heck  files=9  total=0  not_unsafe_fn=0
[743/1001] async-graphql__async-graphql  files=285  total=0  not_unsafe_fn=0
[744/1001] async-rs__async-attributes  files=3  total=0  not_unsafe_fn=0
[745/1001] chronotope__chrono-tz  files=22  total=0  not_unsafe_fn=0
[746/1001] image-rs__image-tiff  files=41  total=0  not_unsafe_fn=0
[747/1001] chronotope__humantime  files=6  total=0  not_unsafe_fn=0
[748/1001] xacrimon__dashmap  files=21  total=4  not_unsafe_fn=1
[749/1001] xdg-rs__dirs  files=13  total=0  not_unsafe_fn=0
[750/1001] tokio-rs__tracing-opentelemetry  files=24  total=0  not_unsafe_fn=0
[751/1001] chyh1990__yaml-rust  files=9  total=0  not_unsafe_fn=0
[752/1001] tokio-rs__valuable  files=39  total=1  not_unsafe_fn=1
[753/1001] tomaka__wasm-timer  files=11  total=6  not_unsafe_fn=6
[754/1001] image-rs__image-webp  files=23  total=0  not_unsafe_fn=0
[755/1001] askama-rs__askama  files=235  total=4  not_unsafe_fn=4
[756/1001] zkat__supports-hyperlinks  files=1  total=0  not_unsafe_fn=0
[757/1001] zkat__supports-unicode  files=1  total=0  not_unsafe_fn=0
[758/1001] async-rs__async-std  files=278  total=8  not_unsafe_fn=8
[759/1001] zkcrypto__ff  files=6  total=0  not_unsafe_fn=0
[760/1001] async-rs__futures-timer  files=12  total=9  not_unsafe_fn=9
[761/1001] zkcrypto__group  files=5  total=0  not_unsafe_fn=0
[762/1001] zkcrypto__merlin  files=4  total=0  not_unsafe_fn=0
[763/1001] image-rs__jpeg-decoder  files=35  total=0  not_unsafe_fn=0
[764/1001] auto-impl-rs__auto_impl  files=73  total=0  not_unsafe_fn=0
[765/1001] zonyitoo__rust-ini  files=2  total=0  not_unsafe_fn=0
[766/1001] avitex__rust-aliasable  files=10  total=5  not_unsafe_fn=4
[767/1001] rkyv__rkyv  files=168  total=18  not_unsafe_fn=16
[768/1001] google__flatbuffers  files=172  total=0  not_unsafe_fn=0
[769/1001] image-rs__weezl  files=27  total=0  not_unsafe_fn=0
[770/1001] indexmap-rs__equivalent  files=1  total=0  not_unsafe_fn=0
[771/1001] japaric__as-slice  files=1  total=0  not_unsafe_fn=0
[772/1001] japaric__cast.rs  files=2  total=0  not_unsafe_fn=0
[773/1001] jbaublitz__getset  files=14  total=0  not_unsafe_fn=0
[774/1001] zopfli-rs__zopfli  files=17  total=0  not_unsafe_fn=0
[775/1001] zowens__crc32c  files=12  total=0  not_unsafe_fn=0
[776/1001] dropbox__rust-brotli-decompressor  files=26  total=4  not_unsafe_fn=4
[777/1001] droundy__arrayref  files=4  total=0  not_unsafe_fn=0
[778/1001] cobalt-org__kstring  files=10  total=4  not_unsafe_fn=4
[779/1001] dtolnay__anyhow  files=13  total=9  not_unsafe_fn=4
[780/1001] dtolnay__async-trait  files=9  total=0  not_unsafe_fn=0
[781/1001] colin-kiegel__rust-derive-builder  files=73  total=0  not_unsafe_fn=0
[782/1001] indexmap-rs__indexmap  files=30  total=4  not_unsafe_fn=4
[783/1001] jbaublitz__neli  files=51  total=1  not_unsafe_fn=1
[784/1001] indiv0__lazycell  files=3  total=0  not_unsafe_fn=0
[785/1001] jcreekmore__pem-rs  files=4  total=0  not_unsafe_fn=0
[786/1001] jean-airoldie__humantime-serde  files=2  total=0  not_unsafe_fn=0
[787/1001] clap-rs__clap  files=190  total=0  not_unsafe_fn=0
[788/1001] dtolnay__basic-toml  files=17  total=0  not_unsafe_fn=0
[789/1001] toml-rs__toml  files=107  total=0  not_unsafe_fn=0
[790/1001] cloudhead__nonempty  files=2  total=0  not_unsafe_fn=0
[791/1001] jedisct1__rust-siphash  files=6  total=0  not_unsafe_fn=0
[792/1001] influxdata__pbjson  files=20  total=0  not_unsafe_fn=0
[793/1001] tomprogrammer__rust-ascii  files=10  total=5  not_unsafe_fn=4
[794/1001] zhiburt__tabled  files=401  total=0  not_unsafe_fn=0
[795/1001] jeromefroe__lru-rs  files=1  total=3  not_unsafe_fn=3
[796/1001] tormol__encode_unicode  files=18  total=0  not_unsafe_fn=0
[797/1001] iqlusioninc__crates  files=65  total=0  not_unsafe_fn=0
[798/1001] bitvecto-rs__bitvec  files=76  total=24  not_unsafe_fn=24
[799/1001] iwillspeak__rust-onig  files=26  total=1  not_unsafe_fn=1
[800/1001] bkchr__impl-trait-for-tuples  files=21  total=0  not_unsafe_fn=0
[801/1001] bkchr__proc-macro-crate  files=5  total=0  not_unsafe_fn=0
[802/1001] blackbeam__rust-crc16  files=2  total=0  not_unsafe_fn=0
[803/1001] Byron__open-rs  files=9  total=0  not_unsafe_fn=0
[804/1001] Byron__pulldown-cmark-to-cmark  files=8  total=0  not_unsafe_fn=0
[805/1001] Canop__lazy-regex  files=10  total=0  not_unsafe_fn=0
[806/1001] Detegr__rust-ctrlc  files=12  total=1  not_unsafe_fn=0
[807/1001] zip-rs__zip2  files=78  total=0  not_unsafe_fn=0
[808/1001] Diggsey__rust-field-offset  files=2  total=0  not_unsafe_fn=0
[809/1001] zkat__is_ci  files=2  total=0  not_unsafe_fn=0
[810/1001] tower-rs__tower  files=133  total=0  not_unsafe_fn=0
[811/1001] DimaKudosh__difflib  files=6  total=0  not_unsafe_fn=0
[812/1001] DoumanAsh__clipboard-win  files=12  total=1  not_unsafe_fn=1
[813/1001] DoumanAsh__error-code  files=7  total=0  not_unsafe_fn=0
[814/1001] DoumanAsh__xxhash-rust  files=15  total=0  not_unsafe_fn=0
[815/1001] EVaillant__lockfree-object-pool  files=23  total=13  not_unsafe_fn=13
[816/1001] Elzair__core_affinity_rs  files=1  total=0  not_unsafe_fn=0
[817/1001] Elzair__page_size_rs  files=1  total=0  not_unsafe_fn=0
[818/1001] xiph__rav1e  files=135  total=18  not_unsafe_fn=8
[819/1001] yaahc__displaydoc  files=18  total=0  not_unsafe_fn=0
[820/1001] yaahc__indenter  files=2  total=0  not_unsafe_fn=0
[821/1001] yescallop__borrow-or-share  files=1  total=0  not_unsafe_fn=0
[822/1001] zkat__miette  files=69  total=9  not_unsafe_fn=4
[823/1001] zkat__supports-color  files=2  total=0  not_unsafe_fn=0
[824/1001] EmbarkStudios__cfg-expr  files=12  total=0  not_unsafe_fn=0
[825/1001] yescallop__fluent-uri-rs  files=46  total=0  not_unsafe_fn=0
[826/1001] yoshuawuyts__fd-lock  files=20  total=0  not_unsafe_fn=0
[827/1001] yoshuawuyts__kv-log-macro  files=3  total=0  not_unsafe_fn=0
[828/1001] Ethiraric__yaml-rust2  files=22  total=0  not_unsafe_fn=0
[829/1001] FillZpp__sys-info-rs  files=4  total=0  not_unsafe_fn=0
[830/1001] yoshuawuyts__miow  files=6  total=5  not_unsafe_fn=5
[831/1001] mit-plv__fiat-crypto  files=33  total=0  not_unsafe_fn=0
[832/1001] mitsuhiko__fragile  files=10  total=7  not_unsafe_fn=7
[833/1001] tower-rs__tower-http  files=119  total=0  not_unsafe_fn=0
[834/1001] Frommi__miniz_oxide  files=27  total=0  not_unsafe_fn=0
[835/1001] hsivonen__encoding_rs  files=33  total=0  not_unsafe_fn=0
[836/1001] hsivonen__idna_adapter  files=1  total=0  not_unsafe_fn=0
[837/1001] trifectatechfoundation__bzip2-rs  files=7  total=0  not_unsafe_fn=0
[838/1001] hsivonen__utf16_iter  files=4  total=0  not_unsafe_fn=0
[839/1001] hsivonen__utf8_iter  files=4  total=0  not_unsafe_fn=0
[840/1001] hsivonen__write16  files=1  total=0  not_unsafe_fn=0
[841/1001] jaemk__cached  files=240  total=0  not_unsafe_fn=0
[842/1001] jamesmunns__cobs.rs  files=4  total=0  not_unsafe_fn=0
[843/1001] GREsau__schemars  files=140  total=0  not_unsafe_fn=0
[844/1001] Gilnaa__memoffset  files=5  total=0  not_unsafe_fn=0
[845/1001] awesomized__crc-fast-rust  files=71  total=19  not_unsafe_fn=19
[846/1001] mitsuhiko__insta  files=56  total=0  not_unsafe_fn=0
[847/1001] dtolnay__dissimilar  files=7  total=0  not_unsafe_fn=0
[848/1001] rust-lang__jobserver-rs  files=10  total=0  not_unsafe_fn=0
[849/1001] dtolnay__cxx  files=411  total=10  not_unsafe_fn=6
[850/1001] http-rs__http-types  files=98  total=0  not_unsafe_fn=0
[851/1001] bitshifter__glam-rs  files=267  total=0  not_unsafe_fn=0
[852/1001] jamesmunns__postcard  files=87  total=0  not_unsafe_fn=0
[853/1001] taiki-e__portable-atomic-util  files=6  total=26  not_unsafe_fn=21
[854/1001] tailhook__quick-error  files=2  total=0  not_unsafe_fn=0
[855/1001] trifectatechfoundation__zlib-rs  files=72  total=6  not_unsafe_fn=4
[856/1001] time-rs__time  files=123  total=0  not_unsafe_fn=0
[857/1001] z-galaxy__zbus  files=242  total=0  not_unsafe_fn=0
[858/1001] hyperium__h2  files=57  total=0  not_unsafe_fn=0
[859/1001] tiny-http__tiny-http  files=35  total=0  not_unsafe_fn=0
[860/1001] tuffy__bitstream-io  files=12  total=0  not_unsafe_fn=0
[861/1001] tkaitchuck__ahash  files=17  total=0  not_unsafe_fn=0
[862/1001] testcontainers__testcontainers-rs  files=64  total=0  not_unsafe_fn=0
[863/1001] tkaitchuck__constrandom  files=4  total=0  not_unsafe_fn=0
[864/1001] tmiasko__shell-words  files=1  total=0  not_unsafe_fn=0
[865/1001] thk1__send_wrapper  files=2  total=4  not_unsafe_fn=4
[866/1001] thomcc__rust-more-asserts  files=3  total=0  not_unsafe_fn=0
[867/1001] tokio-rs__async-stream  files=18  total=0  not_unsafe_fn=0
[868/1001] hyperium__headers  files=80  total=0  not_unsafe_fn=0
[869/1001] sval-rs__sval  files=110  total=3  not_unsafe_fn=3
[870/1001] udoprog__relative-path  files=11  total=7  not_unsafe_fn=7
[871/1001] tikv__jemallocator  files=32  total=0  not_unsafe_fn=0
[872/1001] tikv__pprof-rs  files=28  total=0  not_unsafe_fn=0
[873/1001] sval-rs__value-bag  files=24  total=0  not_unsafe_fn=0
[874/1001] hyperium__http  files=23  total=0  not_unsafe_fn=0
[875/1001] hyperium__http-body  files=22  total=0  not_unsafe_fn=0
[876/1001] sunfishcode__linux-raw-sys  files=463  total=0  not_unsafe_fn=0
[877/1001] tikv__rust-prometheus  files=57  total=0  not_unsafe_fn=0
[878/1001] sunng87__handlebars-rust  files=57  total=0  not_unsafe_fn=0
[879/1001] rust-lang__cargo  files=1450  total=5  not_unsafe_fn=5
[880/1001] tokio-rs__axum  files=297  total=0  not_unsafe_fn=0
[881/1001] hyperium__hyper  files=80  total=1  not_unsafe_fn=1
[882/1001] hyperium__hyper-tls  files=4  total=0  not_unsafe_fn=0
[883/1001] tokio-rs__console  files=76  total=0  not_unsafe_fn=0
[884/1001] tokio-rs__bytes  files=19  total=18  not_unsafe_fn=13
[885/1001] axelf4__unicode-linebreak  files=4  total=0  not_unsafe_fn=0
[886/1001] rust-lang__cc-rs  files=32  total=0  not_unsafe_fn=0
[887/1001] apache__arrow-rs-object-store  files=60  total=0  not_unsafe_fn=0
[888/1001] rust-lang__cfg-if  files=1  total=0  not_unsafe_fn=0
[889/1001] rust-lang__cmake-rs  files=2  total=0  not_unsafe_fn=0
[890/1001] rust-lang__compiler-builtins  files=280  total=0  not_unsafe_fn=0
[891/1001] rust-lang__ena  files=8  total=0  not_unsafe_fn=0
[892/1001] hyperium__hyper-util  files=51  total=0  not_unsafe_fn=0
[893/1001] hyperium__mime  files=16  total=0  not_unsafe_fn=0
[894/1001] tokio-rs__io-uring  files=41  total=3  not_unsafe_fn=2
[895/1001] rust-lang__flate2-rs  files=45  total=1  not_unsafe_fn=1
[896/1001] tokio-rs__prost  files=105  total=1  not_unsafe_fn=1
[897/1001] tokio-rs__slab  files=3  total=1  not_unsafe_fn=1
[898/1001] tokio-rs__tls  files=6  total=0  not_unsafe_fn=0
[899/1001] tokio-rs__loom  files=66  total=19  not_unsafe_fn=14
[900/1001] awslabs__smithy-rs  files=1007  total=11  not_unsafe_fn=11
[901/1001] rust-lang__rustc-demangle  files=8  total=0  not_unsafe_fn=0
[902/1001] tokio-rs__mio  files=62  total=11  not_unsafe_fn=11
[903/1001] rust-lang__rustc-hash  files=3  total=0  not_unsafe_fn=0
[904/1001] rust-lang__socket2  files=6  total=6  not_unsafe_fn=6
[905/1001] awxkee__moxcms  files=126  total=0  not_unsafe_fn=0
[906/1001] rust-lang__stacker  files=22  total=0  not_unsafe_fn=0
[907/1001] rust-lang__tempdir  files=2  total=0  not_unsafe_fn=0
[908/1001] rust-lang__libc  files=390  total=0  not_unsafe_fn=0
[909/1001] rust-lang__libz-sys  files=7  total=0  not_unsafe_fn=0
[910/1001] Boshen__unicode-id-start  files=16  total=0  not_unsafe_fn=0
[911/1001] apache__arrow-rs  files=640  total=20  not_unsafe_fn=20
[912/1001] ia0__data-encoding  files=39  total=0  not_unsafe_fn=0
[913/1001] rust-lang__log  files=10  total=2  not_unsafe_fn=2
[914/1001] rust-lang__pkg-config-rs  files=1  total=0  not_unsafe_fn=0
[915/1001] rust-lang__futures-rs  files=238  total=42  not_unsafe_fn=34
[916/1001] rust-lang__getopts  files=3  total=0  not_unsafe_fn=0
[917/1001] ibraheemdev__matchit  files=13  total=0  not_unsafe_fn=0
[918/1001] icorderi__rust-uname  files=2  total=0  not_unsafe_fn=0
[919/1001] idanarye__rust-smart-default  files=6  total=0  not_unsafe_fn=0
[920/1001] rust-native-tls__rust-native-tls  files=9  total=0  not_unsafe_fn=0
[921/1001] BurntSushi__aho-corasick  files=34  total=0  not_unsafe_fn=0
[922/1001] BurntSushi__bstr  files=39  total=2  not_unsafe_fn=2
[923/1001] BurntSushi__byteorder  files=2  total=0  not_unsafe_fn=0
[924/1001] awxkee__pxfm  files=275  total=0  not_unsafe_fn=0
[925/1001] apache__datafusion-sqlparser-rs  files=72  total=0  not_unsafe_fn=0
[926/1001] rust-lang__git2-rs  files=90  total=10  not_unsafe_fn=9
[927/1001] BurntSushi__rust-csv  files=55  total=0  not_unsafe_fn=0
[928/1001] rust-lang__glob  files=2  total=0  not_unsafe_fn=0
[929/1001] BurntSushi__rust-snappy  files=24  total=0  not_unsafe_fn=0
[930/1001] BurntSushi__same-file  files=6  total=0  not_unsafe_fn=0
[931/1001] BurntSushi__termcolor  files=3  total=0  not_unsafe_fn=0
[932/1001] rust-ndarray__ndarray  files=163  total=6  not_unsafe_fn=3
[933/1001] BurntSushi__walkdir  files=8  total=0  not_unsafe_fn=0
[934/1001] BurntSushi__winapi-util  files=5  total=0  not_unsafe_fn=0
[935/1001] hyperium__tonic  files=401  total=2  not_unsafe_fn=2
[936/1001] tokio-rs__tokio  files=486  total=57  not_unsafe_fn=48
[937/1001] rust-mobile__ndk  files=30  total=8  not_unsafe_fn=7
[938/1001] rust-lang__hashbrown  files=28  total=8  not_unsafe_fn=6
[939/1001] BurntSushi__utf8-ranges  files=3  total=0  not_unsafe_fn=0
[940/1001] graphql-rust__graphql-client  files=57  total=1  not_unsafe_fn=1
[941/1001] gfx-rs__wgpu  files=788  total=74  not_unsafe_fn=56
[942/1001] hanmertens__dary_heap  files=7  total=6  not_unsafe_fn=5
[943/1001] taiki-e__const_fn  files=9  total=0  not_unsafe_fn=0
[944/1001] BurntSushi__quickcheck  files=13  total=0  not_unsafe_fn=0
[945/1001] gz__rust-cpuid  files=14  total=0  not_unsafe_fn=0
[946/1001] gyscos__zstd-rs  files=43  total=1  not_unsafe_fn=1
[947/1001] BurntSushi__memchr  files=45  total=0  not_unsafe_fn=0
[948/1001] taiki-e__pin-project-lite  files=1  total=1  not_unsafe_fn=0
[949/1001] taiki-e__pin-project  files=161  total=1  not_unsafe_fn=0
[950/1001] HdrHistogram__HdrHistogram_rust  files=40  total=0  not_unsafe_fn=0
[951/1001] GitoxideLabs__prodash  files=43  total=1  not_unsafe_fn=1
[952/1001] GnomedDev__proc-macro-error-2  files=28  total=0  not_unsafe_fn=0
[953/1001] GuillaumeGomez__doc-comment  files=2  total=0  not_unsafe_fn=0
[954/1001] BurntSushi__jiff  files=193  total=4  not_unsafe_fn=2
[955/1001] grovesNL__glow  files=7  total=1  not_unsafe_fn=0
[956/1001] taiki-e__portable-atomic  files=70  total=2  not_unsafe_fn=2
[957/1001] GitoxideLabs__gitoxide  files=1438  total=14  not_unsafe_fn=14
[958/1001] JohnTitor__mach2  files=59  total=0  not_unsafe_fn=0
[959/1001] Keats__jsonwebtoken  files=36  total=0  not_unsafe_fn=0
[960/1001] BurntSushi__ripgrep  files=100  total=0  not_unsafe_fn=0
[961/1001] Keruspe__async-global-executor  files=7  total=0  not_unsafe_fn=0
[962/1001] rust-lang__regex  files=181  total=6  not_unsafe_fn=6
[963/1001] tafia__quick-protobuf  files=70  total=0  not_unsafe_fn=0
[964/1001] upsuper__retain_mut  files=1  total=0  not_unsafe_fn=0
[965/1001] utkarshkukreti__diff.rs  files=5  total=0  not_unsafe_fn=0
[966/1001] Keats__tera  files=61  total=0  not_unsafe_fn=0
[967/1001] vorner__bytes-utils  files=4  total=0  not_unsafe_fn=0
[968/1001] swgillespie__unicode-categories  files=2  total=0  not_unsafe_fn=0
[969/1001] JelteF__derive_more  files=228  total=1  not_unsafe_fn=0
[970/1001] uuid-rs__uuid  files=31  total=0  not_unsafe_fn=0
[971/1001] BurntSushi__ucd-generate  files=82  total=0  not_unsafe_fn=0
[972/1001] vorner__signal-hook  files=31  total=4  not_unsafe_fn=4
[973/1001] Keats__validator  files=94  total=0  not_unsafe_fn=0
[974/1001] unicode-rs__unicode-xid  files=3  total=0  not_unsafe_fn=0
[975/1001] vorot93__fastrlp  files=9  total=0  not_unsafe_fn=0
[976/1001] upsuper__dtoa-short  files=2  total=0  not_unsafe_fn=0
[977/1001] vorner__arc-swap  files=27  total=20  not_unsafe_fn=19
[978/1001] KillingSpark__zstd-rs  files=62  total=0  not_unsafe_fn=0
[979/1001] unicode-rs__unicode-properties  files=4  total=0  not_unsafe_fn=0
[980/1001] unicode-rs__unicode-script  files=2  total=0  not_unsafe_fn=0
[981/1001] GuillaumeGomez__sysinfo  files=133  total=47  not_unsafe_fn=47
[982/1001] unicode-rs__unicode-segmentation  files=12  total=0  not_unsafe_fn=0
[983/1001] unicode-rs__unicode-normalization  files=15  total=0  not_unsafe_fn=0
[984/1001] tafia__quick-xml  files=79  total=0  not_unsafe_fn=0
[985/1001] unicode-rs__unicode-width  files=10  total=0  not_unsafe_fn=0
[986/1001] rust-lang__rust-bindgen  files=690  total=4  not_unsafe_fn=4
[987/1001] gtk-rs__gtk-rs-core  files=722  total=512  not_unsafe_fn=496
[988/1001] unicode-org__icu4x  files=1142  total=35  not_unsafe_fn=24
[989/1001] bytecodealliance__wasmtime  files=1974  total=177  not_unsafe_fn=124
[990/1001] bytecodealliance__wit-bindgen  files=249  total=15  not_unsafe_fn=10
[991/1001] bytesize-rs__bytesize  files=9  total=0  not_unsafe_fn=0
[992/1001] callum-oakley__json5-rs  files=11  total=0  not_unsafe_fn=0
[993/1001] aws__aws-lc-rs  files=237  total=0  not_unsafe_fn=0
[994/1001] Arnavion__k8s-openapi  files=3639  total=0  not_unsafe_fn=0
[995/1001] BLAKE3-team__BLAKE3  files=33  total=0  not_unsafe_fn=0
[996/1001] wasm-bindgen__wasm-bindgen  files=2329  total=58  not_unsafe_fn=55
[997/1001] swc-project__swc  files=1289  total=21  not_unsafe_fn=17
[998/1001] rust-lang__rust-analyzer  files=1485  total=107  not_unsafe_fn=104
[999/1001] google__zerocopy  files=1218  total=90  not_unsafe_fn=87
[1000/1001] microsoft__windows-rs  files=1705  total=664  not_unsafe_fn=661
[1001/1001] awslabs__aws-sdk-rust  files=232672  total=6  not_unsafe_fn=6
TOTAL  54.2s wall
## wrote analyses/csts-analyze-leakage-20260704-070258.orchestrator.md
