[1] https://github.com/dtolnay/syn
[2] https://github.com/rust-lang/hashbrown
[3] https://github.com/bitflags/bitflags
[4] https://github.com/dtolnay/proc-macro2
[5] https://github.com/dtolnay/quote
[6] https://github.com/marshallpierce/rust-base64
[7] https://github.com/rust-lang/libc
[8] https://github.com/rust-random/rand
[9] https://github.com/rust-random/getrandom
[10] https://github.com/rust-lang/regex
[11] https://github.com/indexmap-rs/indexmap
[12] https://github.com/rust-itertools/itertools
[13] https://github.com/rust-lang/cfg-if
[14] https://github.com/serde-rs/serde
[15] https://github.com/cuviper/autocfg
[16] https://github.com/BurntSushi/memchr
[17] https://github.com/dtolnay/itoa
[18] https://github.com/dtolnay/thiserror
[19] https://github.com/dtolnay/unicode-ident
[20] https://github.com/serde-rs/json
[21] https://github.com/withoutboats/heck
[22] https://github.com/rust-lang/log
[23] https://github.com/matklad/once_cell
[24] https://github.com/rust-lang/cc-rs
[25] https://github.com/dtolnay/ryu
[26] https://github.com/clap-rs/clap
[27] https://github.com/BurntSushi/aho-corasick
[28] https://github.com/servo/rust-smallvec
[29] https://github.com/Amanieu/parking_lot
[30] https://github.com/rapidfuzz/strsim-rs
[31] https://github.com/microsoft/windows-rs
[32] https://github.com/rust-lang-nursery/lazy-static.rs
[33] https://github.com/rust-lang/socket2
[34] https://github.com/rust-num/num-traits
[35] https://github.com/bytecodealliance/rustix
[36] https://github.com/rayon-rs/either
[37] https://github.com/SergioBenitez/version_check
[38] https://github.com/dtolnay/semver
[39] https://github.com/servo/rust-url
[40] https://github.com/tokio-rs/bytes
[41] https://github.com/time-rs/time
[42] https://github.com/RustCrypto/traits
[43] https://github.com/taiki-e/pin-project-lite
[44] https://github.com/tokio-rs/mio
[45] https://github.com/bluss/scopeguard
[46] https://github.com/dtolnay/anyhow
[47] https://github.com/sunfishcode/linux-raw-sys
[48] https://github.com/RustCrypto/utils
[49] https://github.com/Frommi/miniz_oxide
[50] https://github.com/hyperium/http
[51] https://github.com/crossbeam-rs/crossbeam
[52] https://github.com/cryptocorrosion/cryptocorrosion
[53] https://github.com/tokio-rs/tokio
[54] https://github.com/hyperium/hyper
[55] https://github.com/smol-rs/fastrand
[56] https://github.com/Gilnaa/memoffset
[57] https://github.com/toml-rs/toml
[58] https://github.com/BurntSushi/byteorder
[59] https://github.com/tokio-rs/slab
[60] https://github.com/rustls/rustls
[61] https://github.com/fizyk20/generic-array
[62] https://github.com/rust-lang/futures-rs
[63] https://github.com/hyperium/http-body
[64] https://github.com/tkaitchuck/ahash
[65] https://github.com/tokio-rs/tracing
[66] https://github.com/RustCrypto/hashes
[67] https://github.com/chronotope/chrono
[68] https://github.com/servo/rust-fnv
[69] https://github.com/hyperium/h2
[70] https://github.com/paholg/typenum
[71] https://github.com/unicode-rs/unicode-width
[72] https://github.com/Stebalien/tempfile
[73] https://github.com/rust-lang-nursery/pin-utils
[74] https://github.com/uuid-rs/uuid
[75] https://github.com/rust-lang/pkg-config-rs
[76] https://github.com/nix-rust/nix
[77] https://github.com/djc/rustc-version-rs
[78] https://github.com/Lokathor/tinyvec
[79] https://github.com/bytecodealliance/wasi-rs
[80] https://github.com/rust-num/num-integer
[81] https://github.com/rust-bakery/nom
[82] https://github.com/mvdnes/spin-rs
[83] https://github.com/seanmonstar/num_cpus
[84] https://github.com/lambda-fairy/rust-errno
[85] https://github.com/winnow-rs/winnow
[86] https://github.com/seanmonstar/httparse
[87] https://github.com/rustls/tokio-rustls
[88] https://github.com/briansmith/ring
[89] https://github.com/unicode-rs/unicode-xid
[90] https://github.com/briansmith/untrusted
[91] https://github.com/google/zerocopy
[92] https://github.com/srijs/rust-crc32fast
[93] https://github.com/unicode-rs/unicode-normalization
[94] https://github.com/rust-cli/env_logger
[95] https://github.com/indexmap-rs/equivalent
[96] https://github.com/Amanieu/thread_local-rs
[97] https://github.com/rust-lang/flate2-rs
[98] https://github.com/Soveu/tinyvec_macros
[99] https://github.com/dtolnay/async-trait
[100] https://github.com/rust-lang/rustc-hash
Done. cloned=100 skipped=0 failed=0
