[5] https://github.com/rust-random/rand_core
[82] https://github.com/comex/rust-shlex
[83] https://github.com/rustls/webpki
[90] https://github.com/dtolnay/rustversion
[92] https://github.com/vorner/signal-hook
[93] https://github.com/rustls/webpki-roots
[96] https://github.com/rust-cli/anstyle
[97] https://github.com/TedDriggs/darling
[99] https://github.com/dalek-cryptography/subtle
[101] https://github.com/seanmonstar/reqwest
[104] https://github.com/strawlab/iana-time-zone
[106] https://github.com/mystor/synstructure
[108] https://github.com/KokaKiwi/rust-hex
[109] https://github.com/Peternator7/strum
[110] https://github.com/gimli-rs/object
[113] https://github.com/tower-rs/tower
[114] https://github.com/seanmonstar/want
[115] https://github.com/seanmonstar/try-lock
[116] https://github.com/Actyx/sync_wrapper
[117] https://github.com/rustls/hyper-rustls
[118] https://github.com/BurntSushi/walkdir
[119] https://github.com/storyyeller/stable_deref_trait
[120] https://github.com/rust-lang/glob
[121] https://github.com/hyperium/mime
[123] https://github.com/taiki-e/pin-project
[124] https://github.com/rust-lang/rustc-demangle
[126] https://github.com/alacritty/vte
[127] https://github.com/gimli-rs/gimli
[128] https://github.com/rustls/openssl-probe
[129] https://github.com/pyfisch/httpdate
[130] https://github.com/BurntSushi/same-file
[131] https://github.com/rustls/pemfile
[132] https://github.com/tokio-rs/prost
[133] https://github.com/hermit-os/hermit-rs
[134] https://github.com/jhpratt/deranged
[135] https://github.com/rust-num/num-bigint
[136] https://github.com/krisprice/ipnet
[137] https://github.com/bluss/arrayvec
[138] https://github.com/fitzgen/bumpalo
[139] https://github.com/rust-phf/rust-phf
[140] https://github.com/nox/serde_urlencoded
[141] https://github.com/RustCrypto/MACs
[142] https://github.com/BurntSushi/termcolor
[143] https://github.com/gimli-rs/addr2line
[144] https://github.com/unicode-rs/unicode-segmentation
[145] https://github.com/rayon-rs/rayon
[146] https://github.com/smol-rs/event-listener
[147] https://github.com/rustls/rustls-native-certs
[148] https://github.com/servo/unicode-bidi
[149] https://github.com/hsivonen/encoding_rs
[150] https://github.com/rust-lang/backtrace-rs
[151] https://github.com/Alexhuszagh/minimal-lexical
[152] https://github.com/dtolnay/paste
[153] https://github.com/hawkw/sharded-slab
[154] https://github.com/rust-lang/jobserver-rs
[155] https://github.com/bkchr/proc-macro-crate
[156] https://github.com/jedisct1/rust-siphash
[157] https://github.com/yaahc/displaydoc
[158] https://github.com/nagisa/rust_libloading
[159] https://github.com/unicode-org/icu4x
[160] https://github.com/rutrum/convert-case
[161] https://github.com/jhpratt/powerfmt
[162] https://github.com/jhpratt/num-conv
[163] https://github.com/petgraph/petgraph
[164] https://github.com/wasm-bindgen/wasm-bindgen
[165] https://github.com/retep998/winapi-rs
[166] https://github.com/nushell/nu-ansi-term
[167] https://github.com/nvzqz/static-assertions-rs
[168] https://github.com/petgraph/fixedbitset
[169] https://github.com/dtolnay/prettyplease
[170] https://github.com/polyfill-rs/is_terminal_polyfill
[171] https://github.com/oyvindln/adler2
[172] https://github.com/hawkw/matchers
[173] https://github.com/chronotope/humantime
[174] https://github.com/hsivonen/idna_adapter
[175] https://github.com/rust-openssl/rust-openssl
[176] https://github.com/JelteF/derive_more
[177] https://github.com/orlp/foldhash
[178] https://github.com/mgeisler/textwrap
[179] https://github.com/mcgoo/vcpkg-rs
[180] https://github.com/rustls/pki-types
[181] https://github.com/tokio-rs/axum
[182] https://github.com/zakarumych/allocator-api2
[183] https://github.com/TedDriggs/ident_case
[184] https://github.com/hsivonen/utf8_iter
[185] https://github.com/VoidStarKat/half-rs
[186] https://github.com/rust-lang/compiler-builtins
[187] https://github.com/harryfei/which-rs
[188] https://github.com/RustCrypto/formats
[189] https://github.com/katharostech/cfg_aliases
[190] https://github.com/reem/rust-ordered-float
[191] https://github.com/sfackler/foreign-types
[192] https://github.com/hyperium/hyper-util
[193] https://github.com/rust-lang/cargo
[194] https://github.com/smol-rs/atomic-waker
[195] https://github.com/servo/core-foundation-rs
[196] https://github.com/ibraheemdev/matchit
[197] https://github.com/BurntSushi/bstr
[198] https://github.com/taiki-e/portable-atomic
[199] https://github.com/tower-rs/tower-http
[200] https://github.com/ia0/data-encoding
[201] https://github.com/dtolnay/serde-yaml
[202] https://github.com/rust-lang/rust-bindgen
[203] https://github.com/softprops/atty
[204] https://github.com/gyscos/zstd-rs
[205] https://github.com/contain-rs/bit-vec
[206] https://github.com/GREsau/schemars
[207] https://github.com/tafia/quick-xml
[208] https://github.com/hyperium/tonic
[209] https://github.com/BurntSushi/winapi-util
[210] https://github.com/rust-num/num-rational
[211] https://github.com/seanmonstar/unicase
[212] https://github.com/alexcrichton/filetime
[213] https://github.com/xacrimon/dashmap
[214] https://github.com/rust-num/num-complex
[215] https://github.com/contain-rs/bit-set
[216] https://github.com/rust-num/num-iter
[217] https://github.com/tailhook/quick-error
[218] https://github.com/rustls/sct.rs
[219] https://github.com/hyperium/hyper-tls
[220] https://github.com/eira-fransham/crunchy
[221] https://github.com/sebcrozet/instant
[222] https://github.com/kornelski/rust-security-framework
[223] https://github.com/jonasbb/serde_with
[224] https://github.com/bytecodealliance/target-lexicon
[225] https://github.com/sunfishcode/is-terminal
[226] https://github.com/rust-native-tls/rust-native-tls
[227] https://github.com/Lokathor/bytemuck
[228] https://github.com/smol-rs/async-channel
[229] https://github.com/console-rs/console
[230] https://github.com/RazrFalcon/memmap2-rs
[231] https://github.com/pest-parser/pest
[232] https://github.com/smol-rs/concurrent-queue
[233] https://github.com/jeromefroe/lru-rs
[234] https://github.com/dirs-dev/dirs-sys-rs
[235] https://github.com/dtolnay/indoc
[236] https://github.com/tokio-rs/async-stream
[237] https://github.com/jonas-schievink/adler
[238] https://github.com/hjr3/hyper-timeout
[239] https://github.com/bincode-org/bincode
[240] https://github.com/mcountryman/simd-adler32
[241] https://github.com/smol-rs/parking
[242] https://github.com/soc/dirs-rs
[243] https://github.com/dtolnay/dyn-clone
[244] https://github.com/havarnov/multimap
[245] https://github.com/smol-rs/futures-lite
[246] https://github.com/contain-rs/linked-hash-map
[247] https://github.com/cesarb/constant_time_eq
[248] https://github.com/BurntSushi/ucd-generate
[249] https://github.com/KyleMayes/clang-sys
[250] https://github.com/vorner/arc-swap
[251] https://github.com/djc/hashlink
[252] https://github.com/RustCrypto/block-ciphers
[253] https://github.com/jcreekmore/pem-rs
[254] https://github.com/jethrogb/rust-cexpr
[255] https://github.com/tokio-rs/tls
[256] https://github.com/steffengy/schannel-rs
[257] https://github.com/smol-rs/async-lock
[258] https://github.com/snapview/tungstenite-rs
[259] https://github.com/nical/android_system_properties
[260] https://github.com/criterion-rs/criterion.rs
[261] https://github.com/dtolnay/unsafe-libyaml
[262] https://github.com/rust-num/num
[263] https://github.com/rust-lang/cmake-rs
[264] https://github.com/bitvecto-rs/bitvec
[265] https://github.com/tokio-rs/valuable
[266] https://github.com/illicitonion/num_enum
[267] https://github.com/ferrilab/ferrilab
[268] https://github.com/abonander/mime_guess
[269] https://github.com/mrhooray/crc-rs
[270] https://github.com/myrrlyn/tap
[271] https://github.com/rust-random/rngs
[272] https://github.com/quinn-rs/quinn
[273] https://github.com/dtolnay/serde-repr
[274] https://github.com/myrrlyn/wyz
[275] https://github.com/SimonSapin/rust-utf8
[276] https://github.com/RustCrypto/crypto-bigint
[277] https://github.com/danaugrs/overload
[278] https://github.com/dtolnay/zmij
[279] https://github.com/droundy/arrayref
[280] https://github.com/kornelski/rust_urlencoding
[281] https://github.com/open-telemetry/opentelemetry-rust
[282] https://github.com/r-efi/r-efi
[283] https://github.com/SergioBenitez/yansi
[284] https://github.com/snapview/tokio-tungstenite
[285] https://github.com/dropbox/rust-brotli
[286] https://github.com/japaric/cast.rs
[287] https://github.com/dropbox/rust-brotli-decompressor
[288] https://github.com/pyo3/pyo3
[289] https://github.com/ogham/rust-ansi-term
[290] https://github.com/dtolnay/path-to-error
[291] https://github.com/camino-rs/camino
[292] https://github.com/Stebalien/xattr
[293] https://github.com/zip-rs/zip2
[294] https://github.com/sfackler/rust-fallible-iterator
[295] https://github.com/webdesus/fs_extra
[296] https://github.com/smol-rs/polling
[297] https://github.com/BurntSushi/rust-csv
[298] https://github.com/Marwes/combine
[299] https://github.com/dalek-cryptography/curve25519-dalek
[300] https://github.com/rust-lang/libz-sys
[301] https://github.com/jhpratt/num_threads
[302] https://github.com/smol-rs/event-listener-strategy
[303] https://github.com/oli-obk/cargo_metadata
[304] https://github.com/akhilles/crc-catalog
[305] https://github.com/bheisler/TinyTemplate
[306] https://github.com/RustCrypto/password-hashes
[307] https://github.com/RustCrypto/KDFs
[308] https://github.com/shepmaster/twox-hash
[309] https://github.com/BurntSushi/ripgrep
[310] https://github.com/mackwic/colored
[311] https://github.com/rust-num/num-derive
[312] https://github.com/indiv0/lazycell
[313] https://github.com/assert-rs/predicates-rs
[314] https://github.com/enarx/ciborium
[315] https://github.com/SergioBenitez/cookie-rs
[316] https://github.com/zesterer/flume
[317] https://github.com/smol-rs/async-io
[318] https://github.com/composefs/tar-rs
[319] https://github.com/gentoo90/winreg-rs
[320] https://github.com/dtolnay/erased-serde
[321] https://github.com/utkarshkukreti/diff.rs
[322] https://github.com/plotters-rs/plotters
[323] https://github.com/dropbox/rust-alloc-no-stdlib
[324] https://github.com/zkcrypto/ff
[325] https://github.com/dylni/os_str_bytes
[326] https://github.com/zkcrypto/group
[327] https://github.com/console-rs/indicatif
[328] https://github.com/rusqlite/rusqlite
[329] https://github.com/daxpedda/web-time
[330] https://github.com/RustCrypto/RSA
[331] https://github.com/alexcrichton/wait-timeout
[332] https://github.com/lo48576/iri-string
[333] https://github.com/RustCrypto/signatures
[334] https://github.com/Nullus157/async-compression
[335] https://github.com/rust-pretty-assertions/rust-pretty-assertions
[336] https://github.com/djc/hostname
[337] https://github.com/steveklabnik/semver-parser
[338] https://github.com/fancy-regex/fancy-regex
[339] https://github.com/SimonSapin/rust-std-candidates
[340] https://github.com/eminence/terminal-size
[341] https://github.com/async-rs/futures-timer
[342] https://github.com/mcarton/rust-derivative
[343] https://github.com/serde-rs/bytes
[344] https://github.com/dtolnay/ref-cast
[345] https://github.com/xdg-rs/dirs
[346] https://github.com/qwandor/anes-rs
[347] https://github.com/tokio-rs/tracing-opentelemetry
[348] https://github.com/sunfishcode/io-lifetimes
[349] https://github.com/bytecodealliance/wasm-tools
[350] https://github.com/sfackler/rust-stringprep
[351] https://github.com/image-rs/image-png
[352] https://github.com/contain-rs/vec-map
[353] https://github.com/GuillaumeGomez/sysinfo
[354] https://github.com/alexcrichton/scoped-tls
[355] https://github.com/rust-cli/termtree
[356] https://github.com/ardaku/whoami
[357] https://github.com/Manishearth/pathdiff
[358] https://github.com/colin-kiegel/rust-derive-builder
[359] https://github.com/dignifiedquire/num-bigint
[360] https://github.com/RustCrypto/block-modes
[361] https://github.com/tormol/encode_unicode
[362] https://github.com/smol-rs/async-task
[363] https://github.com/hsivonen/utf16_iter
[364] https://github.com/hsivonen/write16
[365] https://github.com/rusticstuff/simdutf8
[366] https://github.com/mitsuhiko/similar
[367] https://github.com/crossterm-rs/crossterm
[368] https://github.com/aws/aws-lc-rs
[369] https://github.com/bytecodealliance/wit-bindgen
[370] https://github.com/chyh1990/yaml-rust
[371] https://github.com/algesten/ureq
[372] https://github.com/mullvad/system-configuration-rs
[373] https://github.com/mmastrac/linktime
[374] https://github.com/pacman82/atoi-rs
[375] https://github.com/mbrubeck/rust-debug-unreachable
[376] https://github.com/dtolnay/proc-macro-hack
[377] https://github.com/soc/option-ext
[378] https://github.com/Keats/jsonwebtoken
[379] https://github.com/near/borsh-rs
[380] https://github.com/proptest-rs/proptest
[381] https://github.com/image-rs/image
[382] https://github.com/smol-rs/blocking
[383] https://github.com/mikedilger/float-cmp
[384] https://github.com/tkaitchuck/constrandom
[385] https://github.com/BLAKE3-team/BLAKE3
[386] https://github.com/asomers/mockall
[387] https://github.com/Stebalien/term
[388] https://github.com/gz/rust-cpuid
[389] https://github.com/acw/simple_asn1
[390] https://github.com/RustCrypto/elliptic-curves
[391] https://github.com/Ralith/lru-slab
[392] https://github.com/smol-rs/async-executor
[393] https://github.com/trifectatechfoundation/bzip2-rs
[394] https://github.com/alexcrichton/bzip2-rs
[395] https://github.com/owo-colors/owo-colors
[396] https://github.com/hyperium/headers
[397] https://github.com/jni-rs/jni-rs
[398] https://github.com/unicode-rs/unicode-properties
[399] https://github.com/BurntSushi/jiff
[400] https://github.com/mitsuhiko/sha1-smol
[401] https://github.com/rkyv/ptr_meta
[402] https://github.com/RustCrypto/universal-hashes
[403] https://github.com/servo/string-cache
[404] https://github.com/marcianx/downcast-rs
[405] https://github.com/ogham/rust-number-prefix
[406] https://github.com/Nugine/outref
[407] https://github.com/Alexhuszagh/rust-lexical
[408] https://github.com/stainless-steel/md5
[409] https://github.com/hannobraun/inotify-rs
[410] https://github.com/rust-random/rand_distr
[411] https://github.com/polyfill-rs/once_cell_polyfill
[412] https://github.com/cameron1024/unarray
[413] https://github.com/altsysrq/rusty-fork
[414] https://github.com/mitsuhiko/fragile
[415] https://github.com/rust-lang/getopts
[416] https://github.com/smol-rs/waker-fn
[417] https://github.com/briansmith/webpki
[418] https://github.com/iqlusioninc/crates
[419] https://github.com/brendanzab/approx
[420] https://github.com/allan2/dotenvy
[421] https://github.com/rusticata/x509-parser
[422] https://github.com/emilio/precomputed-hash
[423] https://github.com/kornelski/xml-rs
[424] https://github.com/chronotope/chrono-tz
[425] https://github.com/cbreeden/fxhash
[426] https://github.com/palfrey/serial_test
[427] https://github.com/RumovZ/android-tzdata
[428] https://github.com/rust-fuzz/arbitrary
[429] https://github.com/dtolnay/dtoa
[430] https://github.com/rkyv/rkyv
[431] https://github.com/rusticata/der-parser
[432] https://github.com/tikv/rust-prometheus
[433] https://github.com/metrics-rs/quanta
[434] https://github.com/fkoep/downcast-rs
[435] https://github.com/GuillaumeGomez/doc-comment
[436] https://github.com/rust-embedded-community/hash32
[437] https://github.com/fitzgen/peeking_take_while
[438] https://github.com/bluejekyll/enum-as-inner
[439] https://github.com/RustCrypto/sponges
[440] https://github.com/notify-rs/notify
[441] https://github.com/XAMPPRocky/remove_dir_all
[442] https://github.com/rodrimati1992/const_format_crates
[443] https://github.com/jni-rs/jni-sys
[444] https://github.com/rusticata/oid-registry
[445] https://github.com/rusticata/asn1-rs
[446] https://github.com/DimaKudosh/difflib
[447] https://github.com/djkoloski/rend
[448] https://github.com/sfackler/tokio-io-timeout
[449] https://github.com/hannobraun/inotify-sys
[450] https://github.com/dcchut/async-recursion
[451] https://github.com/arcnmx/serde-value
[452] https://github.com/brendanzab/codespan
[453] https://github.com/RustCrypto/AEADs
[454] https://github.com/smithy-lang/smithy-rs
[455] https://github.com/GnomedDev/proc-macro-error-2
[456] https://github.com/bluss/maplit
[457] https://github.com/RustCrypto/stream-ciphers
[458] https://github.com/image-rs/fdeflate
[459] https://github.com/Matthias247/futures-intrusive
[460] https://github.com/3Hren/msgpack-rust
[461] https://github.com/rkyv/bytecheck
[462] https://github.com/bluss/matrixmultiply
[463] https://github.com/launchbadge/sqlx
[464] https://github.com/paupino/rust-decimal
[465] https://github.com/LukasKalbertodt/litrs
[466] https://github.com/tmiasko/shell-words
[467] https://github.com/getsentry/rust-debugid
[468] https://github.com/raphlinus/pulldown-cmark
[469] https://github.com/Nugine/simd
[470] https://github.com/reem/rust-void
[471] https://github.com/ParkMyCar/compact_str
[472] https://github.com/smol-rs/piper
[473] https://github.com/rust-threadpool/rust-threadpool
[474] https://github.com/davidpdrsn/assert-json-diff
[475] https://github.com/MattiasBuelens/wasm-streams
[476] https://github.com/llogiq/bytecount
[477] https://github.com/slint-ui/document-features
[478] https://github.com/mit-plv/fiat-crypto
[479] https://github.com/bluss/rawpointer
[480] https://github.com/pseitz/lz4_flex
[481] https://github.com/rusticata/rusticata-macros
[482] https://github.com/andrewhickman/fs-err
[483] https://github.com/sval-rs/value-bag
[484] https://github.com/Detegr/rust-ctrlc
[485] https://github.com/zonyitoo/rust-ini
[486] https://github.com/sagebind/castaway
[487] https://github.com/vorner/bytes-utils
[488] https://github.com/smol-rs/async-process
[489] https://github.com/image-rs/weezl
[490] https://github.com/yaahc/indenter
[491] https://github.com/dtolnay/typeid
[492] https://github.com/deadpool-rs/deadpool
[493] https://github.com/image-rs/image-gif
[494] https://github.com/RazrFalcon/xmlparser
[495] https://github.com/rust-embedded/heapless
[496] https://github.com/rust-lang/git2-rs
[497] https://github.com/dtolnay/inventory
[498] https://github.com/bitshifter/glam-rs
[499] https://github.com/whatisinternet/inflector
[500] https://github.com/MarcusGrass/parse-range-headers
[501] https://github.com/hickory-dns/resolv-conf
[502] https://github.com/image-rs/color_quant
[503] https://github.com/rust-ndarray/ndarray
[504] https://github.com/bojand/infer
[505] https://github.com/rust-cli/config-rs
[506] https://github.com/emk/cesu8-rs
[507] https://github.com/la10736/rstest
[508] https://github.com/rust-lang/stacker
[509] https://github.com/BurntSushi/rust-snappy
[510] https://github.com/eyre-rs/eyre
[511] https://github.com/awslabs/aws-sdk-rust
[512] https://github.com/HdrHistogram/HdrHistogram_rust
[513] https://github.com/ron-rs/ron
[514] https://github.com/gnzlbg/match_cfg
[515] https://github.com/akubera/bigdecimal-rs
[516] https://github.com/sgodwincs/dlv-list-rs
[517] https://github.com/moka-rs/moka
[518] https://github.com/MSxDOS/ntapi
[519] https://github.com/shepmaster/snafu
[520] https://github.com/derekdreery/normalize-line-endings
[521] https://github.com/sgodwincs/ordered-multimap-rs
[522] https://github.com/tomprogrammer/rust-ascii
[523] https://github.com/kornelski/rust-rgb
[524] https://github.com/oliver-giersch/tagptr
[525] https://github.com/dermesser/integer-encoding-rs
[526] https://github.com/rwf2/multer
[527] https://github.com/djc/tokio-retry
[528] https://github.com/rustwasm/gloo
[529] https://github.com/mozilla/cbindgen
[530] https://github.com/image-rs/image-tiff
[531] https://github.com/ihrwein/backoff
[532] https://github.com/metrics-rs/metrics
[533] https://github.com/fitzgen/id-arena
[534] https://github.com/rust-lang/rust-analyzer
[535] https://github.com/swgillespie/unicode-categories
[536] https://github.com/Keruspe/async-global-executor
[537] https://github.com/VoidStarKat/widestring-rs
[538] https://github.com/idanarye/rust-typed-builder
[539] https://github.com/sfackler/fallible-streaming-iterator
[540] https://github.com/remram44/adler32-rs
[541] https://github.com/trifectatechfoundation/zlib-rs
[542] https://github.com/Nullus157/bs58-rs
[543] https://github.com/axelf4/unicode-linebreak
[544] https://github.com/bytesize-rs/bytesize
[545] https://github.com/udoprog/relative-path
[546] https://github.com/dtolnay/seq-macro
[547] https://github.com/magiclen/educe
[548] https://github.com/zopfli-rs/zopfli
[549] https://github.com/smol-rs/async-broadcast
[550] https://github.com/alexcrichton/openssl-src-rs
[551] https://github.com/TeXitoi/structopt
[552] https://github.com/async-rs/async-std
[553] https://github.com/meithecatte/enumflags2
[554] https://github.com/contain-rs/lru-cache
[555] https://github.com/tikv/jemallocator
[556] https://github.com/nukesor/comfy-table
[557] https://github.com/yoshuawuyts/kv-log-macro
[558] https://github.com/google/flatbuffers
[559] https://github.com/harfbuzz/ttf-parser
[560] https://github.com/pyfisch/rust-language-tags
[561] https://github.com/10xGenomics/lz4-rs
[562] https://github.com/oconnor663/os_pipe.rs
[563] https://github.com/orlp/slotmap
[564] https://github.com/magiclen/enum-ordinalize
[565] https://github.com/idubrov/json-patch
[566] https://github.com/redis-rs/redis-rs
[567] https://github.com/gimli-rs/cpp_demangle
[568] https://github.com/sunng87/handlebars-rust
[569] https://github.com/apache/thrift
[570] https://github.com/samscott89/serde_qs
[571] https://github.com/Amanieu/atomic-rs
[572] https://github.com/rustls/rustls-platform-verifier
[573] https://github.com/achanda/ipnetwork
[574] https://github.com/rust-embedded/embedded-hal
[575] https://github.com/lunacookies/etcetera
[576] https://github.com/EmbarkStudios/cfg-expr
[577] https://github.com/image-rs/jpeg-decoder
[578] https://github.com/DoumanAsh/xxhash-rust
[579] https://github.com/qnighy/yasna.rs
[580] https://github.com/rust-windowing/raw-window-handle
[581] https://github.com/Manishearth/triomphe
[582] https://github.com/mgeisler/smawk
[583] https://github.com/servo/html5ever
[584] https://github.com/mitsuhiko/insta
[585] https://github.com/smol-rs/async-signal
[586] https://github.com/dimforge/nalgebra
[587] https://github.com/besok/jsonpath-rust
[588] https://github.com/madsmtm/objc2
[589] https://github.com/apache/arrow-rs
[590] https://github.com/rustls/rcgen
[591] https://github.com/arkworks-rs/std
[592] https://github.com/randomites/plain
[593] https://github.com/arkworks-rs/algebra
[594] https://github.com/etemesi254/zune-image
[595] https://github.com/actix/actix-net
[596] https://github.com/pyfisch/cbor
[597] https://github.com/Sgeo/take_mut
[598] https://github.com/paritytech/nohash-hasher
[599] https://github.com/gilnaa/globwalk
[600] https://github.com/actix/actix-web
[601] https://github.com/taiki-e/portable-atomic-util
[602] https://github.com/image-rs/byteorder-lite
[603] https://github.com/lalrpop/lalrpop
[604] https://github.com/someguynamedjosh/ouroboros
[605] https://github.com/Lolirofle/endian-type
[606] https://github.com/michaelsproul/rust_radix_trie
[607] https://github.com/Stranger6667/jsonschema
[608] https://github.com/bluk/leb128fmt
[609] https://github.com/apache/arrow-rs-object-store
[610] https://github.com/michaelsproul/rust_nibble_vec
[611] https://github.com/slog-rs/slog
[612] https://github.com/mheffner/rust-sketches-ddsketch
[613] https://github.com/zowens/crc32c
[614] https://github.com/assert-rs/assert_cmd
[615] https://github.com/m4b/scroll
[616] https://github.com/dtolnay/cxx
[617] https://github.com/danburkert/fs2-rs
[618] https://github.com/dnsl48/fraction
[619] https://github.com/console-rs/dialoguer
[620] https://github.com/dtolnay/link-cplusplus
[621] https://github.com/SimonSapin/rust-typed-arena
[622] https://github.com/apache/datafusion-sqlparser-rs
[623] https://github.com/rust-lang/ena
[624] https://github.com/RReverser/serde-wasm-bindgen
[625] https://github.com/Absolucy/nanorand-rs
[626] https://github.com/TrueLayer/reqwest-middleware
[627] https://github.com/crossterm-rs/crossterm-winapi
[628] https://github.com/gimli-rs/leb128
[629] https://github.com/callum-oakley/json5-rs
[630] https://github.com/rust-lang-nursery/error-chain
[631] https://github.com/phil-opp/rust-bit-field
[632] https://github.com/eminence/procfs
[633] https://github.com/andrewhickman/prost-reflect
[634] https://github.com/rust-embedded/critical-section
[635] https://github.com/murarth/assert_matches
[636] https://github.com/dtolnay/scratch
[637] https://github.com/boinkor-net/governor
[638] https://github.com/rustwasm/console_error_panic_hook
[639] https://github.com/deprecrated/net2-rs
[640] https://github.com/dimforge/simba
[641] https://github.com/avitex/rust-aliasable
[642] https://github.com/rust-bitcoin/rust-secp256k1
[643] https://github.com/octplane/fsevent-rust
[644] https://github.com/magiclen/utf8-width
[645] https://github.com/ardaku/wasite
[646] https://github.com/SergioBenitez/proc-macro2-diagnostics
[647] https://github.com/jean-airoldie/humantime-serde
[648] https://github.com/carllerche/iovec
[649] https://github.com/jbaublitz/getset
[650] https://github.com/antifuchs/nonzero_ext
[651] https://github.com/z-galaxy/zbus
[652] https://github.com/maciejhirsz/beef
[653] https://github.com/taiki-e/const_fn
[654] https://github.com/paritytech/parity-common
[655] https://github.com/gimli-rs/findshlibs
[656] https://github.com/servo/rust-cssparser
[657] https://github.com/bluejekyll/trust-dns
[658] https://github.com/maciejhirsz/logos
[659] https://github.com/shssoichiro/sqlformat-rs
[660] https://github.com/frewsxcv/rust-chunked-transfer
[661] https://github.com/Arnavion/k8s-openapi
[662] https://github.com/LukeMathWalker/wiremock-rs
[663] https://github.com/Xudong-Huang/generator-rs
[664] https://github.com/stepancheg/rust-protobuf
[665] https://github.com/soc/directories-rs
[666] https://github.com/pfernie/cookie_store
[667] https://github.com/hickory-dns/hickory-dns
[668] https://github.com/BurntSushi/quickcheck
[669] https://github.com/zkat/miette
[670] https://github.com/bcmyers/num-format
[671] https://github.com/RazrFalcon/pico-args
[672] https://github.com/servo/futf
[673] https://github.com/reem/rust-mac
[674] https://github.com/sarah-ek/aligned-vec
[675] https://github.com/d-e-s-o/test-log
[676] https://github.com/auto-impl-rs/auto_impl
[677] https://github.com/kube-rs/kube
[678] https://github.com/smithay/wayland-rs
[679] https://github.com/Lokathor/wide
[680] https://github.com/dotenv-rs/dotenv
[681] https://github.com/Xuanwo/backon
[682] https://github.com/m4b/goblin
[683] https://github.com/Michael-F-Bryan/include_dir
[684] https://github.com/Lokathor/safe_arch
[685] https://github.com/getsentry/symbolic
[686] https://github.com/alexcrichton/xz2-rs
[687] https://github.com/rust-postgres/rust-postgres
[688] https://github.com/dtolnay/serde-untagged
[689] https://github.com/lalrpop/ascii-canvas
[690] https://github.com/56quarters/cadence
[691] https://github.com/johannesvollmer/exrs
[692] https://github.com/addr-rs/psl-types
[693] https://github.com/slog-rs/term
[694] https://github.com/yoshuawuyts/miow
[695] https://github.com/johannesvollmer/lebe
[696] https://github.com/slog-rs/async
[697] https://github.com/sarah-ek/equator
[698] https://github.com/Keats/validator
[699] https://github.com/RazrFalcon/roxmltree
[700] https://github.com/liranringel/ipconfig
[701] https://github.com/bodil/smartstring
[702] https://github.com/algesten/ureq-proto
[703] https://github.com/gdesmott/system-deps
[704] https://github.com/open-i18n/rust-unic
[705] https://github.com/SergioBenitez/uncased
[706] https://github.com/bodil/bitmaps
[707] https://github.com/stanislav-tkach/os_info
[708] https://github.com/dtolnay/trybuild
[709] https://github.com/aclysma/profiling
[710] https://github.com/tokio-rs/loom
[711] https://github.com/frondeus/test-case
[712] https://github.com/kornelski/deunicode
[713] https://github.com/awslabs/smithy-rs
[714] https://github.com/LeopoldArkham/humansize
[715] https://github.com/sdroege/bytes-num-slice-cast
[716] https://github.com/chanced/jsonptr
[717] https://github.com/servo/stylo
[718] https://github.com/upsuper/dtoa-short
[719] https://github.com/zkat/supports-color
[720] https://github.com/ModProg/derive-where
[721] https://github.com/tiny-http/tiny-http
[722] https://github.com/lambda-fairy/if_chain
[723] https://github.com/KillingSpark/zstd-rs
[724] https://github.com/yoshuawuyts/fd-lock
[725] https://github.com/rushmorem/publicsuffix
[726] https://github.com/http-rs/http-types
[727] https://github.com/al8n/fs4
[728] https://github.com/paritytech/parity-scale-codec
[729] https://github.com/aldanor/qoi-rust
[730] https://github.com/dtolnay/basic-toml
[731] https://github.com/image-rs/image-webp
[732] https://github.com/rust-fuzz/libfuzzer
[733] https://github.com/yescallop/fluent-uri-rs
[734] https://github.com/GitoxideLabs/gitoxide
[735] https://github.com/oconnor663/blake2_simd
[736] https://github.com/dtolnay/dissimilar
[737] https://github.com/softprops/hyperlocal
[738] https://github.com/rust-rocksdb/rust-rocksdb
[739] https://github.com/danieldg/ordered-stream
[740] https://github.com/stephaneyfx/enum-iterator
[741] https://github.com/bbqsrc/core2
[742] https://github.com/lipanski/mockito
[743] https://github.com/paritytech/unsigned-varint
[744] https://github.com/smithay/client-toolkit
[745] https://github.com/lifthrasiir/num-cmp
[746] https://github.com/mneumann/errno-dragonfly-rs
[747] https://github.com/abonander/safemem
[748] https://github.com/BurntSushi/utf8-ranges
[749] https://github.com/conradkleinespel/rpassword
[750] https://github.com/Voultapher/self_cell
[751] https://github.com/Smithay/calloop
[752] https://github.com/NervosFoundation/faster-hex
[753] https://github.com/AltF02/x11-rs
[754] https://github.com/smol-rs/async-fs
[755] https://github.com/elinorbgr/dlib
[756] https://github.com/psychon/x11rb
[757] https://github.com/lukaslueg/built
[758] https://github.com/andylokandy/arraydeque
[759] https://github.com/anatawa12/deflate64-rs
[760] https://github.com/Byron/pulldown-cmark-to-cmark
[761] https://github.com/borntyping/rust-simple_logger
[762] https://github.com/iwillspeak/rust-onig
[763] https://github.com/rust-onig/rust-onig
[764] https://github.com/alexcrichton/curl-rust
[765] https://github.com/JohnTitor/mach2
[766] https://github.com/rust-lang-nursery/failure
[767] https://github.com/tokio-rs/io-uring
[768] https://github.com/cobalt-org/kstring
[769] https://github.com/DoumanAsh/clipboard-win
[770] https://github.com/getsentry/sentry-rust
[771] https://github.com/luser/strip-ansi-escapes
[772] https://github.com/casualjim/rs-nuid
[773] https://github.com/wasmcloud/nkeys
[774] https://github.com/est31/maybe-uninit
[775] https://github.com/rust-mobile/ndk
[776] https://github.com/johnstonskj/rust-email_address
[777] https://github.com/rust-windowing/winit
[778] https://github.com/bkchr/impl-trait-for-tuples
[779] https://github.com/rustyhorde/vergen
[780] https://github.com/stusmall/murmur3
[781] https://github.com/ebarnard/rust-plist
[782] https://github.com/caspervonb/serde_nanos
[783] https://github.com/danipopes/const-hex
[784] https://github.com/awxkee/moxcms
[785] https://github.com/Ethiraric/yaml-rust2
[786] https://github.com/jonhoo/inferno
[787] https://github.com/mdsteele/rust-cfb
[788] https://github.com/thk1/send_wrapper
[789] https://github.com/seanmonstar/warp
[790] https://github.com/alexcrichton/ssh2-rs
[791] https://github.com/zkat/is_ci
[792] https://github.com/rust-bitcoin/rust-bech32
[793] https://github.com/GitoxideLabs/prodash
[794] https://github.com/OrKoN/base-x-rs
[795] https://github.com/TrueLayer/retry-policies
[796] https://github.com/DoumanAsh/error-code
[797] https://github.com/servo/euclid
[798] https://github.com/Elzair/page_size_rs
[799] https://github.com/alexheretic/owned-ttf-parser
[800] https://github.com/nats-io/nats.rs
[801] https://github.com/RustCrypto/hybrid-array
[802] https://github.com/debris/rustc-hex
[803] https://github.com/tokio-rs/tokio-metrics
[804] https://github.com/fMeow/maybe-async-rs
[805] https://github.com/ruuda/thread-id
[806] https://github.com/sile/libflate
[807] https://github.com/rust-bitcoin/rust-bitcoin
[808] https://github.com/jamesmunns/postcard
[809] https://github.com/tikv/pprof-rs
[810] https://github.com/bincode-org/virtue
[811] https://github.com/fitzgen/mach
[812] https://github.com/jhpratt/standback
[813] https://github.com/oconnor663/shared_child.rs
[814] https://github.com/purpleprotocol/mimalloc_rust
[815] https://github.com/jamesmunns/cobs.rs
[816] https://github.com/bodil/sized-chunks
[817] https://github.com/dtolnay/serde-ignored
[818] https://github.com/tokio-rs/console
[819] https://github.com/napi-rs/napi-rs
[820] https://github.com/dudykr/ddbase
[821] https://github.com/RoaringBitmap/roaring-rs
[822] https://github.com/daboross/fern
[823] https://github.com/awxkee/pxfm
[824] https://github.com/PyO3/rust-numpy
[825] https://github.com/elastio/bon
[826] https://github.com/rust-lang/tempdir
[827] https://github.com/dcuddeback/termios-rs
[828] https://github.com/idanarye/rust-smart-default
[829] https://github.com/reem/rust-unreachable
[830] https://github.com/kkawakam/rustyline
[831] https://github.com/marmeladema/clru-rs
[832] https://github.com/multiformats/rust-multihash
[833] https://github.com/robjtede/impl-more
[834] https://github.com/rodrigocfd/winsafe
[835] https://github.com/sfackler/shell-escape
[836] https://github.com/Byron/open-rs
[837] https://github.com/ramosbugs/oauth2-rs
[838] https://github.com/nagisa/rust_rdrand
[839] https://github.com/bytecodealliance/wasmtime
[840] https://github.com/johannhof/difference.rs
[841] https://github.com/sqlparser-rs/sqlparser-rs
[842] https://github.com/askama-rs/askama
[843] https://github.com/icorderi/rust-uname
[844] https://github.com/gtk-rs/gtk-rs-core
[845] https://github.com/billyrieger/bimap-rs
[846] https://github.com/dtolnay/typetag
[847] https://github.com/upsuper/retain_mut
[848] https://github.com/tomaka/wasm-timer
[849] https://github.com/tuffy/bitstream-io
[850] https://github.com/kornelski/imgref
[851] https://github.com/fussybeaver/bollard
[852] https://github.com/Stebalien/str_stack
[853] https://github.com/as1100k/pastey
[854] https://github.com/rust-osdev/spinning_top
[855] https://github.com/jaemk/cached
[856] https://github.com/brunoczim/fslock
[857] https://github.com/lucab/memfd-rs
[858] https://github.com/bytecodealliance/regalloc2
[859] https://github.com/mmastrac/rust-ctor
[860] https://github.com/influxdata/pbjson
[861] https://github.com/sfackler/scheduled-thread-pool
[862] https://github.com/badboy/iso8601
[863] https://github.com/amodm/webbrowser-rs
[864] https://github.com/WanzenBug/rle-decode-helper
[865] https://github.com/Lymia/enumset
[866] https://github.com/bincode-org/unty
[867] https://github.com/dahosek/finl_unicode
[868] https://github.com/ratatui/ratatui
[869] https://github.com/enarx/flagset
[870] https://github.com/linebender/tiny-skia
[871] https://github.com/sval-rs/sval
[872] https://github.com/Canop/lazy-regex
[873] https://github.com/serde-rs/test
[874] https://github.com/magiclen/byte-unit
[875] https://github.com/rust-lang/annotate-snippets-rs
[876] https://github.com/ridiculousfish/regress
[877] https://github.com/prometheus/client_rust
[878] https://github.com/alexheretic/ab-glyph
[879] https://github.com/1Password/arboard
[880] https://github.com/danielhenrymantilla/macro_rules_attribute-rs
[881] https://github.com/frozenlib/structmeta
[882] https://github.com/rustsec/rustsec
[883] https://github.com/Stebalien/slug-rs
[884] https://github.com/async-rs/async-attributes
[885] https://github.com/vorot93/fastrlp
[886] https://github.com/rust-embedded/nb
[887] https://github.com/RReverser/serde-xml-rs
[888] https://github.com/dylanede/cassowary-rs
[889] https://github.com/juhaku/utoipa
[890] https://github.com/SSheldon/rust-objc
[891] https://github.com/jmg-duarte/sealed-rs
[892] https://github.com/SSheldon/malloc_buf
[893] https://github.com/rust-windowing/android-ndk-rs
[894] https://github.com/kornelski/avif-serialize
[895] https://github.com/seanmonstar/pretty-env-logger
[896] https://github.com/shssoichiro/maybe-rayon
[897] https://github.com/awesomized/crc-fast-rust
[898] https://github.com/paritytech/libsecp256k1
[899] https://github.com/kobzol/rust-delegate
[900] https://github.com/Aetf/unicode-truncate
[901] https://github.com/unicode-rs/unicode-script
[902] https://github.com/rust-av/av1-grain
[903] https://github.com/kornelski/cavif-rs
[904] https://github.com/danburkert/memmap-rs
[905] https://github.com/getsentry/rust-sourcemap
[906] https://github.com/jbaublitz/neli
[907] https://github.com/rust-av/v_frame
[908] https://github.com/lu-zero/noop_proc_macro
[909] https://github.com/lu-zero/arg_enum_proc_macro
[910] https://github.com/KodrAus/serde_fmt
[911] https://github.com/Keats/tera
[912] https://github.com/xiph/rav1e
[913] https://github.com/RazrFalcon/strict-num
[914] https://github.com/smithay/calloop-wayland-source
[915] https://github.com/lu-zero/simd_helpers
[916] https://github.com/tafia/quick-protobuf
[917] https://github.com/image-rs/deflate-rs
[918] https://github.com/zkat/supports-hyperlinks
[919] https://github.com/zeenix/endi
[920] https://github.com/robbepop/string-interner
[921] https://github.com/swc-project/swc
[922] https://github.com/haraldh/rust_uds_windows
[923] https://github.com/dbrgn/tracing-test
[924] https://github.com/dtolnay/inherent
[925] https://github.com/oconnor663/duct.rs
[926] https://github.com/georust/rstar
[927] https://github.com/FillZpp/sys-info-rs
[928] https://github.com/alexheretic/linked-hash-set
[929] https://github.com/baoyachi/sha256-rs
[930] https://github.com/oxidecomputer/serde_tokenstream
[931] https://github.com/nrc/derive-new
[932] https://github.com/zkat/supports-unicode
[933] https://github.com/gendx/lzma-rs
[934] https://github.com/zhiburt/tabled
[935] https://github.com/slog-rs/json
[936] https://github.com/SSheldon/rust-block
[937] https://github.com/SeaQL/sea-query
[938] https://github.com/hanmertens/dary_heap
[939] https://github.com/magiclen/html-escape
[940] https://github.com/conradkleinespel/rtoolbox
[941] https://github.com/frozenlib/parse-display
[942] https://github.com/fede1024/rust-rdkafka
[943] https://github.com/rust-analyzer/expect-test
[944] https://github.com/rhysd/path-slash
[945] https://github.com/mitsuhiko/similar-asserts
[946] https://github.com/rust-lang/ar_archive_writer
[947] https://github.com/ejmahler/strength_reduce
[948] https://github.com/Manishearth/array-init
[949] https://github.com/sfackler/r2d2
[950] https://github.com/esposm03/xcursor-rs
[951] https://github.com/grovesNL/glow
[952] https://github.com/Elzair/core_affinity_rs
[953] https://github.com/cloudhead/nonempty
[954] https://github.com/notpeter/env-home
[955] https://github.com/dtolnay/target-triple
[956] https://github.com/sfackler/streaming-iterator
[957] https://github.com/Seeker14491/opener
[958] https://github.com/djc/bb8
[959] https://github.com/diesel-rs/diesel
[960] https://github.com/statrs-dev/statrs
[961] https://github.com/mxinden/asynchronous-codec
[962] https://github.com/linebender/kurbo
[963] https://github.com/tokio-rs/tokio-openssl
[964] https://github.com/SergioBenitez/Figment
[965] https://github.com/rust-netlink/netlink-packet-core
[966] https://github.com/ratatui/instability
[967] https://github.com/testcontainers/testcontainers-rs
[968] https://github.com/rust-bitcoin/hex-conservative
[969] https://github.com/zkcrypto/merlin
[970] https://github.com/staktrace/quoted-printable
[971] https://github.com/diwic/dbus-rs
[972] https://github.com/robertbastian/core_maths
[973] https://github.com/fflorent/nom_locate
[974] https://github.com/rust-netlink/netlink-sys
[975] https://github.com/fitzgen/is_executable
[976] https://github.com/paritytech/soketto
[977] https://github.com/est31/serde-big-array
[978] https://github.com/blackbeam/rust-crc16
[979] https://github.com/multiformats/rust-multibase
[980] https://github.com/brendanzab/gl-rs
[981] https://github.com/async-graphql/async-graphql
[982] https://github.com/sgodwincs/uriparse-rs
[983] https://github.com/gfx-rs/wgpu
[984] https://github.com/yescallop/borrow-or-share
[985] https://github.com/metalbear-co/hyper-http-proxy
[986] https://github.com/smol-rs/async-net
[987] https://github.com/sbstp/attohttpc
[988] https://github.com/mitsuhiko/serde-plain
[989] https://github.com/japaric/as-slice
[990] https://github.com/pdf-rs/fax
[991] https://github.com/rust-netlink/netlink-packet-route
[992] https://github.com/SSheldon/rust-dispatch
[993] https://github.com/nearprotocol/borsh
[994] https://github.com/EVaillant/lockfree-object-pool
[995] https://github.com/Boshen/unicode-id-start
[996] https://github.com/bodil/im-rs
[997] https://github.com/Diggsey/rust-field-offset
[998] https://github.com/kevinmehall/rust-peg
[999] https://github.com/thomcc/rust-more-asserts
[1000] https://github.com/graphql-rust/graphql-client
Done. cloned=901 skipped=99 failed=0
